#
# There is insufficient memory for the Java Runtime Environment to continue.
# Native memory allocation (malloc) failed to allocate 516928 bytes. Error detail: Chunk::new
# Possible reasons:
#   The system is out of physical RAM or swap space
#   This process is running with CompressedOops enabled, and the Java Heap may be blocking the growth of the native heap
# Possible solutions:
#   Reduce memory load on the system
#   Increase physical memory or swap space
#   Check if swap backing store is full
#   Decrease Java heap size (-Xmx/-Xms)
#   Decrease number of Java threads
#   Decrease Java thread stack sizes (-Xss)
#   Set larger code cache with -XX:ReservedCodeCacheSize=
#   JVM is running with Unscaled Compressed Oops mode in which the Java heap is
#     placed in the first 4GB address space. The Java Heap base address is the
#     maximum limit for the native heap growth. Please use -XX:HeapBaseMinAddress
#     to set the Java Heap base and to place the Java Heap above 4GB virtual address.
# This output file may be truncated or incomplete.
#
#  Out of Memory Error (arena.cpp:168), pid=15664, tid=11600
#
# JRE version: OpenJDK Runtime Environment Temurin-21.0.5+11 (21.0.5+11) (build 21.0.5+11-LTS)
# Java VM: OpenJDK 64-Bit Server VM Temurin-21.0.5+11 (21.0.5+11-LTS, mixed mode, sharing, tiered, compressed oops, compressed class ptrs, parallel gc, windows-amd64)
# No core dump will be written. Minidumps are not enabled by default on client versions of Windows
#

---------------  S U M M A R Y ------------

Command Line: --add-modules=ALL-SYSTEM --add-opens=java.base/java.util=ALL-UNNAMED --add-opens=java.base/java.lang=ALL-UNNAMED --add-opens=java.base/sun.nio.fs=ALL-UNNAMED -Declipse.application=org.eclipse.jdt.ls.core.id1 -Dosgi.bundles.defaultStartLevel=4 -Declipse.product=org.eclipse.jdt.ls.core.product -Djava.import.generatesMetadataFilesAtProjectRoot=false -DDetectVMInstallationsJob.disabled=true -Dfile.encoding=utf8 -XX:+UseParallelGC -XX:GCTimeRatio=4 -XX:AdaptiveSizePolicyWeight=90 -Dsun.zip.disableMemoryMapping=true -Xmx1G -Xms100m -Xlog:disable -javaagent:c:\Users\shrut\.vscode\extensions\redhat.java-1.39.0-win32-x64\lombok\lombok-1.18.34.jar c:\Users\shrut\.vscode\extensions\redhat.java-1.39.0-win32-x64\server\plugins\org.eclipse.equinox.launcher_1.6.900.v20240613-2009.jar -configuration c:\Users\shrut\AppData\Roaming\Code\User\globalStorage\redhat.java\1.39.0\config_ss_win -data c:\Users\shrut\AppData\Roaming\Code\User\workspaceStorage\13d5b289daf9dd463891c682a71bcb96\redhat.java\ss_ws --pipe=\\.\pipe\lsp-d339c11b7c1ff00c188d1091a4e72a50-sock

Host: 13th Gen Intel(R) Core(TM) i9-13900H, 20 cores, 15G,  Windows 11 , 64 bit Build 22621 (10.0.22621.4391)
Time: Thu Feb  6 15:04:10 2025 India Standard Time elapsed time: 2.924755 seconds (0d 0h 0m 2s)

---------------  T H R E A D  ---------------

Current thread (0x0000015e881e93f0):  JavaThread "C2 CompilerThread1" daemon [_thread_in_native, id=11600, stack(0x0000000825c00000,0x0000000825d00000) (1024K)]


Current CompileTask:
C2:2924 4658   !   4       java.nio.file.FileTreeWalker::next (144 bytes)

Stack: [0x0000000825c00000,0x0000000825d00000]
Native frames: (J=compiled Java code, j=interpreted, Vv=VM code, C=native code)
V  [jvm.dll+0x6cd4e9]
V  [jvm.dll+0x8a7941]
V  [jvm.dll+0x8a9e6e]
V  [jvm.dll+0x8aa543]
V  [jvm.dll+0x27f6d6]
V  [jvm.dll+0xc500d]
V  [jvm.dll+0xc5543]
V  [jvm.dll+0x3b660c]
V  [jvm.dll+0x1dffe9]
V  [jvm.dll+0x247b22]
V  [jvm.dll+0x246faf]
V  [jvm.dll+0x1c75ce]
V  [jvm.dll+0x25682a]
V  [jvm.dll+0x254dca]
V  [jvm.dll+0x3f00d6]
V  [jvm.dll+0x8514fb]
V  [jvm.dll+0x6cbbed]
C  [ucrtbase.dll+0x29333]
C  [KERNEL32.DLL+0x1259d]
C  [ntdll.dll+0x5af38]


---------------  P R O C E S S  ---------------

Threads class SMR info:
_java_thread_list=0x0000015e881e9b70, length=50, elements={
0x0000015ea779bdd0, 0x0000015ebbceced0, 0x0000015ebbcedf30, 0x0000015efe4ff1d0,
0x0000015efe4ffee0, 0x0000015efe500da0, 0x0000015efe502930, 0x0000015efe50ef90,
0x0000015efe50fd30, 0x0000015efe600e10, 0x0000015efe60c9a0, 0x0000015efe60f050,
0x0000015efe7839c0, 0x0000015e8036a230, 0x0000015e8089f960, 0x0000015e8526aee0,
0x0000015e852b2110, 0x0000015e808191b0, 0x0000015e80630f70, 0x0000015e8565f860,
0x0000015e85788bb0, 0x0000015e8571b320, 0x0000015e8575c060, 0x0000015e8575b340,
0x0000015e8575daa0, 0x0000015e8575c6f0, 0x0000015e8575acb0, 0x0000015e8575b9d0,
0x0000015e8575cd80, 0x0000015e8575d410, 0x0000015e8575e130, 0x0000015e863af980,
0x0000015e863b0010, 0x0000015e863b2770, 0x0000015e863b3b20, 0x0000015e863b5560,
0x0000015e863b06a0, 0x0000015e863b1a50, 0x0000015e863b13c0, 0x0000015e863b2e00,
0x0000015e863b5bf0, 0x0000015e863af2f0, 0x0000015e863b41b0, 0x0000015e863aec60,
0x0000015e863b0d30, 0x0000015e863b4840, 0x0000015e863b20e0, 0x0000015e863b3490,
0x0000015e863b4ed0, 0x0000015e881e93f0
}

Java Threads: ( => current thread )
  0x0000015ea779bdd0 JavaThread "main"                              [_thread_blocked, id=12528, stack(0x0000000824900000,0x0000000824a00000) (1024K)]
  0x0000015ebbceced0 JavaThread "Reference Handler"          daemon [_thread_blocked, id=22748, stack(0x0000000824d00000,0x0000000824e00000) (1024K)]
  0x0000015ebbcedf30 JavaThread "Finalizer"                  daemon [_thread_blocked, id=20120, stack(0x0000000824e00000,0x0000000824f00000) (1024K)]
  0x0000015efe4ff1d0 JavaThread "Signal Dispatcher"          daemon [_thread_blocked, id=2780, stack(0x0000000824f00000,0x0000000825000000) (1024K)]
  0x0000015efe4ffee0 JavaThread "Attach Listener"            daemon [_thread_blocked, id=13196, stack(0x0000000825000000,0x0000000825100000) (1024K)]
  0x0000015efe500da0 JavaThread "Service Thread"             daemon [_thread_blocked, id=2868, stack(0x0000000825100000,0x0000000825200000) (1024K)]
  0x0000015efe502930 JavaThread "Monitor Deflation Thread"   daemon [_thread_blocked, id=28940, stack(0x0000000825200000,0x0000000825300000) (1024K)]
  0x0000015efe50ef90 JavaThread "C2 CompilerThread0"         daemon [_thread_in_native, id=19984, stack(0x0000000825300000,0x0000000825400000) (1024K)]
  0x0000015efe50fd30 JavaThread "C1 CompilerThread0"         daemon [_thread_blocked, id=10988, stack(0x0000000825400000,0x0000000825500000) (1024K)]
  0x0000015efe600e10 JavaThread "Common-Cleaner"             daemon [_thread_blocked, id=18436, stack(0x0000000825500000,0x0000000825600000) (1024K)]
  0x0000015efe60c9a0 JavaThread "C1 CompilerThread1"         daemon [_thread_blocked, id=2128, stack(0x0000000825600000,0x0000000825700000) (1024K)]
  0x0000015efe60f050 JavaThread "C1 CompilerThread2"         daemon [_thread_blocked, id=22432, stack(0x0000000825700000,0x0000000825800000) (1024K)]
  0x0000015efe7839c0 JavaThread "C1 CompilerThread3"         daemon [_thread_blocked, id=10832, stack(0x0000000825900000,0x0000000825a00000) (1024K)]
  0x0000015e8036a230 JavaThread "Notification Thread"        daemon [_thread_blocked, id=20880, stack(0x0000000825a00000,0x0000000825b00000) (1024K)]
  0x0000015e8089f960 JavaThread "Active Thread: Equinox Container: f3190250-3927-416b-8b4e-4f381088431a"        [_thread_blocked, id=11968, stack(0x0000000826200000,0x0000000826300000) (1024K)]
  0x0000015e8526aee0 JavaThread "Framework Event Dispatcher: Equinox Container: f3190250-3927-416b-8b4e-4f381088431a" daemon [_thread_blocked, id=1548, stack(0x0000000826300000,0x0000000826400000) (1024K)]
  0x0000015e852b2110 JavaThread "Start Level: Equinox Container: f3190250-3927-416b-8b4e-4f381088431a" daemon [_thread_blocked, id=25564, stack(0x0000000826400000,0x0000000826500000) (1024K)]
  0x0000015e808191b0 JavaThread "SCR Component Actor"        daemon [_thread_blocked, id=11840, stack(0x0000000826700000,0x0000000826800000) (1024K)]
  0x0000015e80630f70 JavaThread "SCR Component Registry"     daemon [_thread_blocked, id=12624, stack(0x0000000826800000,0x0000000826900000) (1024K)]
  0x0000015e8565f860 JavaThread "Worker-JM"                         [_thread_blocked, id=16808, stack(0x0000000826900000,0x0000000826a00000) (1024K)]
  0x0000015e85788bb0 JavaThread "JNA Cleaner"                daemon [_thread_blocked, id=15088, stack(0x0000000826d00000,0x0000000826e00000) (1024K)]
  0x0000015e8571b320 JavaThread "Worker-0"                          [_thread_blocked, id=14512, stack(0x0000000826e00000,0x0000000826f00000) (1024K)]
  0x0000015e8575c060 JavaThread "Worker-1"                          [_thread_blocked, id=21392, stack(0x0000000826f00000,0x0000000827000000) (1024K)]
  0x0000015e8575b340 JavaThread "Thread-2"                   daemon [_thread_in_native, id=17464, stack(0x0000000827400000,0x0000000827500000) (1024K)]
  0x0000015e8575daa0 JavaThread "Thread-3"                   daemon [_thread_in_native, id=5264, stack(0x0000000827500000,0x0000000827600000) (1024K)]
  0x0000015e8575c6f0 JavaThread "Thread-4"                   daemon [_thread_in_native, id=21412, stack(0x0000000827600000,0x0000000827700000) (1024K)]
  0x0000015e8575acb0 JavaThread "Thread-5"                   daemon [_thread_in_native, id=20196, stack(0x0000000827700000,0x0000000827800000) (1024K)]
  0x0000015e8575b9d0 JavaThread "Thread-6"                   daemon [_thread_in_native, id=27048, stack(0x0000000827800000,0x0000000827900000) (1024K)]
  0x0000015e8575cd80 JavaThread "Thread-7"                   daemon [_thread_in_native, id=22768, stack(0x0000000827900000,0x0000000827a00000) (1024K)]
  0x0000015e8575d410 JavaThread "Thread-8"                   daemon [_thread_in_native, id=15256, stack(0x0000000827a00000,0x0000000827b00000) (1024K)]
  0x0000015e8575e130 JavaThread "Thread-9"                   daemon [_thread_in_native, id=22032, stack(0x0000000827b00000,0x0000000827c00000) (1024K)]
  0x0000015e863af980 JavaThread "Thread-10"                  daemon [_thread_in_native, id=10244, stack(0x0000000827c00000,0x0000000827d00000) (1024K)]
  0x0000015e863b0010 JavaThread "Thread-11"                  daemon [_thread_in_native, id=14260, stack(0x0000000827d00000,0x0000000827e00000) (1024K)]
  0x0000015e863b2770 JavaThread "Thread-12"                  daemon [_thread_in_native, id=10664, stack(0x0000000827e00000,0x0000000827f00000) (1024K)]
  0x0000015e863b3b20 JavaThread "Thread-13"                  daemon [_thread_in_native, id=6028, stack(0x0000000827f00000,0x0000000828000000) (1024K)]
  0x0000015e863b5560 JavaThread "Thread-14"                  daemon [_thread_in_native, id=3988, stack(0x0000000828000000,0x0000000828100000) (1024K)]
  0x0000015e863b06a0 JavaThread "Thread-15"                  daemon [_thread_in_native, id=29316, stack(0x0000000828100000,0x0000000828200000) (1024K)]
  0x0000015e863b1a50 JavaThread "Thread-16"                  daemon [_thread_in_native, id=25276, stack(0x0000000828200000,0x0000000828300000) (1024K)]
  0x0000015e863b13c0 JavaThread "Thread-17"                  daemon [_thread_in_native, id=13220, stack(0x0000000828300000,0x0000000828400000) (1024K)]
  0x0000015e863b2e00 JavaThread "Thread-18"                  daemon [_thread_in_native, id=13372, stack(0x0000000828400000,0x0000000828500000) (1024K)]
  0x0000015e863b5bf0 JavaThread "Thread-19"                  daemon [_thread_in_native, id=22364, stack(0x0000000828500000,0x0000000828600000) (1024K)]
  0x0000015e863af2f0 JavaThread "Thread-20"                  daemon [_thread_in_native, id=17648, stack(0x0000000828600000,0x0000000828700000) (1024K)]
  0x0000015e863b41b0 JavaThread "Thread-21"                  daemon [_thread_in_native, id=11308, stack(0x0000000828700000,0x0000000828800000) (1024K)]
  0x0000015e863aec60 JavaThread "Thread-22"                  daemon [_thread_in_native, id=22536, stack(0x0000000828800000,0x0000000828900000) (1024K)]
  0x0000015e863b0d30 JavaThread "pool-2-thread-1"                   [_thread_blocked, id=8244, stack(0x0000000828900000,0x0000000828a00000) (1024K)]
  0x0000015e863b4840 JavaThread "WorkspaceEventsHandler"            [_thread_blocked, id=2960, stack(0x0000000828a00000,0x0000000828b00000) (1024K)]
  0x0000015e863b20e0 JavaThread "pool-1-thread-1"                   [_thread_blocked, id=12880, stack(0x0000000828b00000,0x0000000828c00000) (1024K)]
  0x0000015e863b3490 JavaThread "ForkJoinPool.commonPool-worker-1" daemon [_thread_in_vm, id=29040, stack(0x0000000825800000,0x0000000825900000) (1024K)]
  0x0000015e863b4ed0 JavaThread "ForkJoinPool.commonPool-worker-2" daemon [_thread_blocked, id=23676, stack(0x0000000825b00000,0x0000000825c00000) (1024K)]
=>0x0000015e881e93f0 JavaThread "C2 CompilerThread1"         daemon [_thread_in_native, id=11600, stack(0x0000000825c00000,0x0000000825d00000) (1024K)]
Total: 50

Other Threads:
  0x0000015ebbcd4a50 VMThread "VM Thread"                           [id=2556, stack(0x0000000824c00000,0x0000000824d00000) (1024K)]
  0x0000015ea7804fb0 WatcherThread "VM Periodic Task Thread"        [id=24532, stack(0x0000000824b00000,0x0000000824c00000) (1024K)]
  0x0000015ea77bb520 WorkerThread "GC Thread#0"                     [id=24120, stack(0x0000000824a00000,0x0000000824b00000) (1024K)]
  0x0000015e8037ca30 WorkerThread "GC Thread#1"                     [id=7340, stack(0x0000000825d00000,0x0000000825e00000) (1024K)]
  0x0000015e85289b70 WorkerThread "GC Thread#2"                     [id=19568, stack(0x0000000825e00000,0x0000000825f00000) (1024K)]
  0x0000015e8037cdd0 WorkerThread "GC Thread#3"                     [id=17880, stack(0x0000000825f00000,0x0000000826000000) (1024K)]
  0x0000015e8526bfb0 WorkerThread "GC Thread#4"                     [id=5564, stack(0x0000000826000000,0x0000000826100000) (1024K)]
  0x0000015e8526c350 WorkerThread "GC Thread#5"                     [id=21644, stack(0x0000000826100000,0x0000000826200000) (1024K)]
  0x0000015e8530a0d0 WorkerThread "GC Thread#6"                     [id=16768, stack(0x0000000826500000,0x0000000826600000) (1024K)]
  0x0000015e80771780 WorkerThread "GC Thread#7"                     [id=16540, stack(0x0000000826600000,0x0000000826700000) (1024K)]
  0x0000015e85542fc0 WorkerThread "GC Thread#8"                     [id=29208, stack(0x0000000826a00000,0x0000000826b00000) (1024K)]
  0x0000015e85543360 WorkerThread "GC Thread#9"                     [id=15048, stack(0x0000000826b00000,0x0000000826c00000) (1024K)]
  0x0000015e85543700 WorkerThread "GC Thread#10"                    [id=1680, stack(0x0000000826c00000,0x0000000826d00000) (1024K)]
  0x0000015e85543aa0 WorkerThread "GC Thread#11"                    [id=21984, stack(0x0000000827000000,0x0000000827100000) (1024K)]
  0x0000015e85543e40 WorkerThread "GC Thread#12"                    [id=29628, stack(0x0000000827100000,0x0000000827200000) (1024K)]
  0x0000015e855441e0 WorkerThread "GC Thread#13"                    [id=26820, stack(0x0000000827200000,0x0000000827300000) (1024K)]
  0x0000015e85994d20 WorkerThread "GC Thread#14"                    [id=1928, stack(0x0000000827300000,0x0000000827400000) (1024K)]
Total: 17

Threads with active compile tasks:
C2 CompilerThread0  2946 4739       4       jdk.internal.jrtfs.JrtFileSystem::lambda$iteratorOf$2 (20 bytes)
C2 CompilerThread1  2946 4658   !   4       java.nio.file.FileTreeWalker::next (144 bytes)
Total: 2

VM state: not at safepoint (normal execution)

VM Mutex/Monitor currently owned by a thread: None

Heap address: 0x00000000c0000000, size: 1024 MB, Compressed Oops mode: 32-bit

CDS archive(s) mapped at: [0x0000015ebc000000-0x0000015ebcba0000-0x0000015ebcba0000), size 12189696, SharedBaseAddress: 0x0000015ebc000000, ArchiveRelocationMode: 1.
Compressed class space mapped at: 0x0000015ebd000000-0x0000015efd000000, reserved size: 1073741824
Narrow klass base: 0x0000015ebc000000, Narrow klass shift: 0, Narrow klass range: 0x100000000

GC Precious Log:
 CardTable entry size: 512
 CPUs: 20 total, 20 available
 Memory: 16010M
 Large Page Support: Disabled
 NUMA Support: Disabled
 Compressed Oops: Enabled (32-bit)
 Alignments: Space 512K, Generation 512K, Heap 2M
 Heap Min Capacity: 100M
 Heap Initial Capacity: 100M
 Heap Max Capacity: 1G
 Pre-touch: Disabled
 Parallel Workers: 15

Heap:
 PSYoungGen      total 24576K, used 6404K [0x00000000eab00000, 0x00000000ec700000, 0x0000000100000000)
  eden space 22016K, 18% used [0x00000000eab00000,0x00000000eaee8aa8,0x00000000ec080000)
  from space 2560K, 93% used [0x00000000ec480000,0x00000000ec6d8810,0x00000000ec700000)
  to   space 2560K, 0% used [0x00000000ec200000,0x00000000ec200000,0x00000000ec480000)
 ParOldGen       total 68608K, used 18452K [0x00000000c0000000, 0x00000000c4300000, 0x00000000eab00000)
  object space 68608K, 26% used [0x00000000c0000000,0x00000000c1205030,0x00000000c4300000)
 Metaspace       used 32157K, committed 33088K, reserved 1114112K
  class space    used 3138K, committed 3520K, reserved 1048576K

Card table byte_map: [0x0000015ea7140000,0x0000015ea7350000] _byte_map_base: 0x0000015ea6b40000

Marking Bits: (ParMarkBitMap*) 0x00007ffdddda2250
 Begin Bits: [0x0000015eb9af0000, 0x0000015ebaaf0000)
 End Bits:   [0x0000015ebaaf0000, 0x0000015ebbaf0000)

Polling page: 0x0000015ea5740000

Metaspace:

Usage:
  Non-class:     28.34 MB used.
      Class:      3.07 MB used.
       Both:     31.40 MB used.

Virtual space:
  Non-class space:       64.00 MB reserved,      28.88 MB ( 45%) committed,  1 nodes.
      Class space:        1.00 GB reserved,       3.44 MB ( <1%) committed,  1 nodes.
             Both:        1.06 GB reserved,      32.31 MB (  3%) committed. 

Chunk freelists:
   Non-Class:  3.05 MB
       Class:  12.57 MB
        Both:  15.61 MB

MaxMetaspaceSize: unlimited
CompressedClassSpaceSize: 1.00 GB
Initial GC threshold: 21.00 MB
Current GC threshold: 35.00 MB
CDS: on
 - commit_granule_bytes: 65536.
 - commit_granule_words: 8192.
 - virtual_space_node_default_size: 8388608.
 - enlarge_chunks_in_place: 1.
 - use_allocation_guard: 0.


Internal statistics:

num_allocs_failed_limit: 3.
num_arena_births: 760.
num_arena_deaths: 14.
num_vsnodes_births: 2.
num_vsnodes_deaths: 0.
num_space_committed: 517.
num_space_uncommitted: 0.
num_chunks_returned_to_freelist: 17.
num_chunks_taken_from_freelist: 2049.
num_chunk_merges: 9.
num_chunk_splits: 1327.
num_chunks_enlarged: 813.
num_inconsistent_stats: 0.

CodeHeap 'non-profiled nmethods': size=119168Kb used=2106Kb max_used=2106Kb free=117061Kb
 bounds [0x0000015eb2690000, 0x0000015eb2900000, 0x0000015eb9af0000]
CodeHeap 'profiled nmethods': size=119104Kb used=10205Kb max_used=10205Kb free=108898Kb
 bounds [0x0000015eaaaf0000, 0x0000015eab4f0000, 0x0000015eb1f40000]
CodeHeap 'non-nmethods': size=7488Kb used=3045Kb max_used=3082Kb free=4442Kb
 bounds [0x0000015eb1f40000, 0x0000015eb2250000, 0x0000015eb2690000]
 total_blobs=5554 nmethods=4902 adapters=554
 compilation: enabled
              stopped_count=0, restarted_count=0
 full_count=0

Compilation events (20 events):
Event: 2.922 Thread 0x0000015efe60c9a0 4900       3       org.eclipse.jdt.internal.core.util.Util::isValidFolderNameForPackage (19 bytes)
Event: 2.922 Thread 0x0000015efe7839c0 4902       3       org.eclipse.core.runtime.Path::makeAbsolute (66 bytes)
Event: 2.922 Thread 0x0000015efe50fd30 4901       3       org.eclipse.core.runtime.Path::isEmpty (23 bytes)
Event: 2.922 Thread 0x0000015efe60c9a0 nmethod 4900 0x0000015eab4d7b90 code [0x0000015eab4d7d60, 0x0000015eab4d7fa8]
Event: 2.922 Thread 0x0000015efe60f050 nmethod 4898 0x0000015eab4d8090 code [0x0000015eab4d8420, 0x0000015eab4d9838]
Event: 2.922 Thread 0x0000015efe60c9a0 4904       3       org.eclipse.core.runtime.Path::removeTrailingSeparator (32 bytes)
Event: 2.922 Thread 0x0000015efe60f050 4903       3       org.eclipse.core.internal.resources.Resource::<init> (20 bytes)
Event: 2.922 Thread 0x0000015efe50fd30 nmethod 4901 0x0000015eab4da010 code [0x0000015eab4da1c0, 0x0000015eab4da388]
Event: 2.923 Thread 0x0000015efe50fd30 4906       1       org.eclipse.core.runtime.Path::getDevice (5 bytes)
Event: 2.923 Thread 0x0000015efe50fd30 nmethod 4906 0x0000015eb2895410 code [0x0000015eb28955a0, 0x0000015eb2895668]
Event: 2.923 Thread 0x0000015efe50fd30 4907       1       org.eclipse.core.internal.resources.Folder::getType (2 bytes)
Event: 2.923 Thread 0x0000015efe60f050 nmethod 4903 0x0000015eab4da490 code [0x0000015eab4da660, 0x0000015eab4da8e8]
Event: 2.923 Thread 0x0000015efe50fd30 nmethod 4907 0x0000015eb2895710 code [0x0000015eb28958a0, 0x0000015eb2895968]
Event: 2.923 Thread 0x0000015efe7839c0 nmethod 4902 0x0000015eab4daa90 code [0x0000015eab4daca0, 0x0000015eab4db138]
Event: 2.923 Thread 0x0000015efe60c9a0 nmethod 4904 0x0000015eab4db310 code [0x0000015eab4db4e0, 0x0000015eab4db7b8]
Event: 2.923 Thread 0x0000015efe60f050 4905       1       org.eclipse.jdt.internal.core.ClasspathEntry::getEntryKind (5 bytes)
Event: 2.923 Thread 0x0000015efe50fd30 4908       1       org.eclipse.jdt.internal.core.ClasspathEntry::getPath (5 bytes)
Event: 2.923 Thread 0x0000015efe60f050 nmethod 4905 0x0000015eb2895a10 code [0x0000015eb2895ba0, 0x0000015eb2895c68]
Event: 2.923 Thread 0x0000015efe50fd30 nmethod 4908 0x0000015eb2895d10 code [0x0000015eb2895ea0, 0x0000015eb2895f68]
Event: 2.923 Thread 0x0000015efe60c9a0 4909       1       org.eclipse.jdt.internal.core.JavaModelManager::getJavaModel (5 bytes)

GC Heap History (20 events):
Event: 1.075 GC heap before
{Heap before GC invocations=4 (full 0):
 PSYoungGen      total 29696K, used 29692K [0x00000000eab00000, 0x00000000ecc00000, 0x0000000100000000)
  eden space 25600K, 100% used [0x00000000eab00000,0x00000000ec400000,0x00000000ec400000)
  from space 4096K, 99% used [0x00000000ec400000,0x00000000ec7ff150,0x00000000ec800000)
  to   space 4096K, 0% used [0x00000000ec800000,0x00000000ec800000,0x00000000ecc00000)
 ParOldGen       total 68608K, used 2808K [0x00000000c0000000, 0x00000000c4300000, 0x00000000eab00000)
  object space 68608K, 4% used [0x00000000c0000000,0x00000000c02be398,0x00000000c4300000)
 Metaspace       used 16876K, committed 17472K, reserved 1114112K
  class space    used 1696K, committed 1984K, reserved 1048576K
}
Event: 1.077 GC heap after
{Heap after GC invocations=4 (full 0):
 PSYoungGen      total 29696K, used 4076K [0x00000000eab00000, 0x00000000ecc00000, 0x0000000100000000)
  eden space 25600K, 0% used [0x00000000eab00000,0x00000000eab00000,0x00000000ec400000)
  from space 4096K, 99% used [0x00000000ec800000,0x00000000ecbfb2e0,0x00000000ecc00000)
  to   space 4096K, 0% used [0x00000000ec400000,0x00000000ec400000,0x00000000ec800000)
 ParOldGen       total 68608K, used 4627K [0x00000000c0000000, 0x00000000c4300000, 0x00000000eab00000)
  object space 68608K, 6% used [0x00000000c0000000,0x00000000c0484e50,0x00000000c4300000)
 Metaspace       used 16876K, committed 17472K, reserved 1114112K
  class space    used 1696K, committed 1984K, reserved 1048576K
}
Event: 1.213 GC heap before
{Heap before GC invocations=5 (full 0):
 PSYoungGen      total 29696K, used 29648K [0x00000000eab00000, 0x00000000ecc00000, 0x0000000100000000)
  eden space 25600K, 99% used [0x00000000eab00000,0x00000000ec3f9060,0x00000000ec400000)
  from space 4096K, 99% used [0x00000000ec800000,0x00000000ecbfb2e0,0x00000000ecc00000)
  to   space 4096K, 0% used [0x00000000ec400000,0x00000000ec400000,0x00000000ec800000)
 ParOldGen       total 68608K, used 4627K [0x00000000c0000000, 0x00000000c4300000, 0x00000000eab00000)
  object space 68608K, 6% used [0x00000000c0000000,0x00000000c0484e50,0x00000000c4300000)
 Metaspace       used 20113K, committed 20800K, reserved 1114112K
  class space    used 1909K, committed 2176K, reserved 1048576K
}
Event: 1.215 GC heap after
{Heap after GC invocations=5 (full 0):
 PSYoungGen      total 29184K, used 4092K [0x00000000eab00000, 0x00000000ecd80000, 0x0000000100000000)
  eden space 25088K, 0% used [0x00000000eab00000,0x00000000eab00000,0x00000000ec380000)
  from space 4096K, 99% used [0x00000000ec400000,0x00000000ec7ff1f8,0x00000000ec800000)
  to   space 5120K, 0% used [0x00000000ec880000,0x00000000ec880000,0x00000000ecd80000)
 ParOldGen       total 68608K, used 4863K [0x00000000c0000000, 0x00000000c4300000, 0x00000000eab00000)
  object space 68608K, 7% used [0x00000000c0000000,0x00000000c04bfe38,0x00000000c4300000)
 Metaspace       used 20113K, committed 20800K, reserved 1114112K
  class space    used 1909K, committed 2176K, reserved 1048576K
}
Event: 1.246 GC heap before
{Heap before GC invocations=6 (full 0):
 PSYoungGen      total 29184K, used 10335K [0x00000000eab00000, 0x00000000ecd80000, 0x0000000100000000)
  eden space 25088K, 24% used [0x00000000eab00000,0x00000000eb118c98,0x00000000ec380000)
  from space 4096K, 99% used [0x00000000ec400000,0x00000000ec7ff1f8,0x00000000ec800000)
  to   space 5120K, 0% used [0x00000000ec880000,0x00000000ec880000,0x00000000ecd80000)
 ParOldGen       total 68608K, used 4863K [0x00000000c0000000, 0x00000000c4300000, 0x00000000eab00000)
  object space 68608K, 7% used [0x00000000c0000000,0x00000000c04bfe38,0x00000000c4300000)
 Metaspace       used 20883K, committed 21504K, reserved 1114112K
  class space    used 1979K, committed 2240K, reserved 1048576K
}
Event: 1.247 GC heap after
{Heap after GC invocations=6 (full 0):
 PSYoungGen      total 29696K, used 4235K [0x00000000eab00000, 0x00000000ecd00000, 0x0000000100000000)
  eden space 25088K, 0% used [0x00000000eab00000,0x00000000eab00000,0x00000000ec380000)
  from space 4608K, 91% used [0x00000000ec880000,0x00000000ecca2ef8,0x00000000ecd00000)
  to   space 4608K, 0% used [0x00000000ec400000,0x00000000ec400000,0x00000000ec880000)
 ParOldGen       total 68608K, used 4871K [0x00000000c0000000, 0x00000000c4300000, 0x00000000eab00000)
  object space 68608K, 7% used [0x00000000c0000000,0x00000000c04c1e38,0x00000000c4300000)
 Metaspace       used 20883K, committed 21504K, reserved 1114112K
  class space    used 1979K, committed 2240K, reserved 1048576K
}
Event: 1.247 GC heap before
{Heap before GC invocations=7 (full 1):
 PSYoungGen      total 29696K, used 4235K [0x00000000eab00000, 0x00000000ecd00000, 0x0000000100000000)
  eden space 25088K, 0% used [0x00000000eab00000,0x00000000eab00000,0x00000000ec380000)
  from space 4608K, 91% used [0x00000000ec880000,0x00000000ecca2ef8,0x00000000ecd00000)
  to   space 4608K, 0% used [0x00000000ec400000,0x00000000ec400000,0x00000000ec880000)
 ParOldGen       total 68608K, used 4871K [0x00000000c0000000, 0x00000000c4300000, 0x00000000eab00000)
  object space 68608K, 7% used [0x00000000c0000000,0x00000000c04c1e38,0x00000000c4300000)
 Metaspace       used 20883K, committed 21504K, reserved 1114112K
  class space    used 1979K, committed 2240K, reserved 1048576K
}
Event: 1.260 GC heap after
{Heap after GC invocations=7 (full 1):
 PSYoungGen      total 29696K, used 0K [0x00000000eab00000, 0x00000000ecd00000, 0x0000000100000000)
  eden space 25088K, 0% used [0x00000000eab00000,0x00000000eab00000,0x00000000ec380000)
  from space 4608K, 0% used [0x00000000ec880000,0x00000000ec880000,0x00000000ecd00000)
  to   space 4608K, 0% used [0x00000000ec400000,0x00000000ec400000,0x00000000ec880000)
 ParOldGen       total 68608K, used 8524K [0x00000000c0000000, 0x00000000c4300000, 0x00000000eab00000)
  object space 68608K, 12% used [0x00000000c0000000,0x00000000c08532e0,0x00000000c4300000)
 Metaspace       used 20871K, committed 21504K, reserved 1114112K
  class space    used 1976K, committed 2240K, reserved 1048576K
}
Event: 1.399 GC heap before
{Heap before GC invocations=8 (full 1):
 PSYoungGen      total 29696K, used 25088K [0x00000000eab00000, 0x00000000ecd00000, 0x0000000100000000)
  eden space 25088K, 100% used [0x00000000eab00000,0x00000000ec380000,0x00000000ec380000)
  from space 4608K, 0% used [0x00000000ec880000,0x00000000ec880000,0x00000000ecd00000)
  to   space 4608K, 0% used [0x00000000ec400000,0x00000000ec400000,0x00000000ec880000)
 ParOldGen       total 68608K, used 8524K [0x00000000c0000000, 0x00000000c4300000, 0x00000000eab00000)
  object space 68608K, 12% used [0x00000000c0000000,0x00000000c08532e0,0x00000000c4300000)
 Metaspace       used 22799K, committed 23488K, reserved 1114112K
  class space    used 2119K, committed 2432K, reserved 1048576K
}
Event: 1.400 GC heap after
{Heap after GC invocations=8 (full 1):
 PSYoungGen      total 27648K, used 2677K [0x00000000eab00000, 0x00000000eca00000, 0x0000000100000000)
  eden space 24576K, 0% used [0x00000000eab00000,0x00000000eab00000,0x00000000ec300000)
  from space 3072K, 87% used [0x00000000ec400000,0x00000000ec69d5e0,0x00000000ec700000)
  to   space 3072K, 0% used [0x00000000ec700000,0x00000000ec700000,0x00000000eca00000)
 ParOldGen       total 68608K, used 8532K [0x00000000c0000000, 0x00000000c4300000, 0x00000000eab00000)
  object space 68608K, 12% used [0x00000000c0000000,0x00000000c08552e0,0x00000000c4300000)
 Metaspace       used 22799K, committed 23488K, reserved 1114112K
  class space    used 2119K, committed 2432K, reserved 1048576K
}
Event: 1.634 GC heap before
{Heap before GC invocations=9 (full 1):
 PSYoungGen      total 27648K, used 27217K [0x00000000eab00000, 0x00000000eca00000, 0x0000000100000000)
  eden space 24576K, 99% used [0x00000000eab00000,0x00000000ec2f6e40,0x00000000ec300000)
  from space 3072K, 87% used [0x00000000ec400000,0x00000000ec69d5e0,0x00000000ec700000)
  to   space 3072K, 0% used [0x00000000ec700000,0x00000000ec700000,0x00000000eca00000)
 ParOldGen       total 68608K, used 8532K [0x00000000c0000000, 0x00000000c4300000, 0x00000000eab00000)
  object space 68608K, 12% used [0x00000000c0000000,0x00000000c08552e0,0x00000000c4300000)
 Metaspace       used 26533K, committed 27328K, reserved 1114112K
  class space    used 2537K, committed 2880K, reserved 1048576K
}
Event: 1.635 GC heap after
{Heap after GC invocations=9 (full 1):
 PSYoungGen      total 27136K, used 3068K [0x00000000eab00000, 0x00000000ecb80000, 0x0000000100000000)
  eden space 24064K, 0% used [0x00000000eab00000,0x00000000eab00000,0x00000000ec280000)
  from space 3072K, 99% used [0x00000000ec700000,0x00000000ec9ff1e8,0x00000000eca00000)
  to   space 4608K, 0% used [0x00000000ec280000,0x00000000ec280000,0x00000000ec700000)
 ParOldGen       total 68608K, used 9718K [0x00000000c0000000, 0x00000000c4300000, 0x00000000eab00000)
  object space 68608K, 14% used [0x00000000c0000000,0x00000000c097d810,0x00000000c4300000)
 Metaspace       used 26533K, committed 27328K, reserved 1114112K
  class space    used 2537K, committed 2880K, reserved 1048576K
}
Event: 2.632 GC heap before
{Heap before GC invocations=10 (full 1):
 PSYoungGen      total 27136K, used 27132K [0x00000000eab00000, 0x00000000ecb80000, 0x0000000100000000)
  eden space 24064K, 100% used [0x00000000eab00000,0x00000000ec280000,0x00000000ec280000)
  from space 3072K, 99% used [0x00000000ec700000,0x00000000ec9ff1e8,0x00000000eca00000)
  to   space 4608K, 0% used [0x00000000ec280000,0x00000000ec280000,0x00000000ec700000)
 ParOldGen       total 68608K, used 9718K [0x00000000c0000000, 0x00000000c4300000, 0x00000000eab00000)
  object space 68608K, 14% used [0x00000000c0000000,0x00000000c097d810,0x00000000c4300000)
 Metaspace       used 30165K, committed 31040K, reserved 1114112K
  class space    used 2916K, committed 3328K, reserved 1048576K
}
Event: 2.634 GC heap after
{Heap after GC invocations=10 (full 1):
 PSYoungGen      total 28160K, used 4600K [0x00000000eab00000, 0x00000000ecc00000, 0x0000000100000000)
  eden space 23552K, 0% used [0x00000000eab00000,0x00000000eab00000,0x00000000ec200000)
  from space 4608K, 99% used [0x00000000ec280000,0x00000000ec6fe030,0x00000000ec700000)
  to   space 5120K, 0% used [0x00000000ec700000,0x00000000ec700000,0x00000000ecc00000)
 ParOldGen       total 68608K, used 9978K [0x00000000c0000000, 0x00000000c4300000, 0x00000000eab00000)
  object space 68608K, 14% used [0x00000000c0000000,0x00000000c09be820,0x00000000c4300000)
 Metaspace       used 30165K, committed 31040K, reserved 1114112K
  class space    used 2916K, committed 3328K, reserved 1048576K
}
Event: 2.802 GC heap before
{Heap before GC invocations=11 (full 1):
 PSYoungGen      total 28160K, used 28152K [0x00000000eab00000, 0x00000000ecc00000, 0x0000000100000000)
  eden space 23552K, 100% used [0x00000000eab00000,0x00000000ec200000,0x00000000ec200000)
  from space 4608K, 99% used [0x00000000ec280000,0x00000000ec6fe030,0x00000000ec700000)
  to   space 5120K, 0% used [0x00000000ec700000,0x00000000ec700000,0x00000000ecc00000)
 ParOldGen       total 68608K, used 9978K [0x00000000c0000000, 0x00000000c4300000, 0x00000000eab00000)
  object space 68608K, 14% used [0x00000000c0000000,0x00000000c09be820,0x00000000c4300000)
 Metaspace       used 31662K, committed 32576K, reserved 1114112K
  class space    used 3104K, committed 3520K, reserved 1048576K
}
Event: 2.804 GC heap after
{Heap after GC invocations=11 (full 1):
 PSYoungGen      total 27136K, used 3948K [0x00000000eab00000, 0x00000000ecb00000, 0x0000000100000000)
  eden space 23040K, 0% used [0x00000000eab00000,0x00000000eab00000,0x00000000ec180000)
  from space 4096K, 96% used [0x00000000ec700000,0x00000000ecadb118,0x00000000ecb00000)
  to   space 4608K, 0% used [0x00000000ec200000,0x00000000ec200000,0x00000000ec680000)
 ParOldGen       total 68608K, used 12856K [0x00000000c0000000, 0x00000000c4300000, 0x00000000eab00000)
  object space 68608K, 18% used [0x00000000c0000000,0x00000000c0c8e288,0x00000000c4300000)
 Metaspace       used 31662K, committed 32576K, reserved 1114112K
  class space    used 3104K, committed 3520K, reserved 1048576K
}
Event: 2.854 GC heap before
{Heap before GC invocations=12 (full 1):
 PSYoungGen      total 27136K, used 26988K [0x00000000eab00000, 0x00000000ecb00000, 0x0000000100000000)
  eden space 23040K, 100% used [0x00000000eab00000,0x00000000ec180000,0x00000000ec180000)
  from space 4096K, 96% used [0x00000000ec700000,0x00000000ecadb118,0x00000000ecb00000)
  to   space 4608K, 0% used [0x00000000ec200000,0x00000000ec200000,0x00000000ec680000)
 ParOldGen       total 68608K, used 12856K [0x00000000c0000000, 0x00000000c4300000, 0x00000000eab00000)
  object space 68608K, 18% used [0x00000000c0000000,0x00000000c0c8e288,0x00000000c4300000)
 Metaspace       used 31814K, committed 32768K, reserved 1114112K
  class space    used 3113K, committed 3520K, reserved 1048576K
}
Event: 2.856 GC heap after
{Heap after GC invocations=12 (full 1):
 PSYoungGen      total 25088K, used 2321K [0x00000000eab00000, 0x00000000ec780000, 0x0000000100000000)
  eden space 22528K, 0% used [0x00000000eab00000,0x00000000eab00000,0x00000000ec100000)
  from space 2560K, 90% used [0x00000000ec200000,0x00000000ec444410,0x00000000ec480000)
  to   space 3072K, 0% used [0x00000000ec480000,0x00000000ec480000,0x00000000ec780000)
 ParOldGen       total 68608K, used 16485K [0x00000000c0000000, 0x00000000c4300000, 0x00000000eab00000)
  object space 68608K, 24% used [0x00000000c0000000,0x00000000c10197b0,0x00000000c4300000)
 Metaspace       used 31814K, committed 32768K, reserved 1114112K
  class space    used 3113K, committed 3520K, reserved 1048576K
}
Event: 2.913 GC heap before
{Heap before GC invocations=13 (full 1):
 PSYoungGen      total 25088K, used 24849K [0x00000000eab00000, 0x00000000ec780000, 0x0000000100000000)
  eden space 22528K, 100% used [0x00000000eab00000,0x00000000ec100000,0x00000000ec100000)
  from space 2560K, 90% used [0x00000000ec200000,0x00000000ec444410,0x00000000ec480000)
  to   space 3072K, 0% used [0x00000000ec480000,0x00000000ec480000,0x00000000ec780000)
 ParOldGen       total 68608K, used 16485K [0x00000000c0000000, 0x00000000c4300000, 0x00000000eab00000)
  object space 68608K, 24% used [0x00000000c0000000,0x00000000c10197b0,0x00000000c4300000)
 Metaspace       used 31980K, committed 32896K, reserved 1114112K
  class space    used 3114K, committed 3520K, reserved 1048576K
}
Event: 2.916 GC heap after
{Heap after GC invocations=13 (full 1):
 PSYoungGen      total 24576K, used 2402K [0x00000000eab00000, 0x00000000ec700000, 0x0000000100000000)
  eden space 22016K, 0% used [0x00000000eab00000,0x00000000eab00000,0x00000000ec080000)
  from space 2560K, 93% used [0x00000000ec480000,0x00000000ec6d8810,0x00000000ec700000)
  to   space 2560K, 0% used [0x00000000ec200000,0x00000000ec200000,0x00000000ec480000)
 ParOldGen       total 68608K, used 18452K [0x00000000c0000000, 0x00000000c4300000, 0x00000000eab00000)
  object space 68608K, 26% used [0x00000000c0000000,0x00000000c1205030,0x00000000c4300000)
 Metaspace       used 31980K, committed 32896K, reserved 1114112K
  class space    used 3114K, committed 3520K, reserved 1048576K
}

Dll operation events (10 events):
Event: 0.004 Loaded shared library c:\Users\shrut\.vscode\extensions\redhat.java-1.39.0-win32-x64\jre\21.0.5-win32-x86_64\bin\java.dll
Event: 0.033 Loaded shared library c:\Users\shrut\.vscode\extensions\redhat.java-1.39.0-win32-x64\jre\21.0.5-win32-x86_64\bin\zip.dll
Event: 0.042 Loaded shared library C:\Users\shrut\.vscode\extensions\redhat.java-1.39.0-win32-x64\jre\21.0.5-win32-x86_64\bin\instrument.dll
Event: 0.044 Loaded shared library C:\Users\shrut\.vscode\extensions\redhat.java-1.39.0-win32-x64\jre\21.0.5-win32-x86_64\bin\net.dll
Event: 0.045 Loaded shared library C:\Users\shrut\.vscode\extensions\redhat.java-1.39.0-win32-x64\jre\21.0.5-win32-x86_64\bin\nio.dll
Event: 0.046 Loaded shared library C:\Users\shrut\.vscode\extensions\redhat.java-1.39.0-win32-x64\jre\21.0.5-win32-x86_64\bin\zip.dll
Event: 0.054 Loaded shared library C:\Users\shrut\.vscode\extensions\redhat.java-1.39.0-win32-x64\jre\21.0.5-win32-x86_64\bin\jimage.dll
Event: 0.084 Loaded shared library c:\Users\shrut\.vscode\extensions\redhat.java-1.39.0-win32-x64\jre\21.0.5-win32-x86_64\bin\verify.dll
Event: 0.598 Loaded shared library C:\Users\shrut\AppData\Roaming\Code\User\globalStorage\redhat.java\1.39.0\config_ss_win\org.eclipse.equinox.launcher\org.eclipse.equinox.launcher.win32.win32.x86_64_1.2.1100.v20240722-2106\eclipse_11904.dll
Event: 0.981 Loaded shared library C:\Users\shrut\AppData\Local\Temp\jna-95563663\jna12978392453200665336.dll

Deoptimization events (20 events):
Event: 2.766 Thread 0x0000015e863b3490 Uncommon trap: trap_request=0xffffffec fr.pc=0x0000015eb2847eac relative=0x00000000000001ec
Event: 2.766 Thread 0x0000015e863b4ed0 Uncommon trap: trap_request=0xffffffec fr.pc=0x0000015eb2847eac relative=0x00000000000001ec
Event: 2.766 Thread 0x0000015e863b3490 Uncommon trap: reason=null_assert_or_unreached0 action=make_not_entrant pc=0x0000015eb2847eac method=java.util.concurrent.locks.ReentrantReadWriteLock$Sync.tryAcquireShared(I)I @ 129 c2
Event: 2.766 Thread 0x0000015e863b4ed0 Uncommon trap: reason=null_assert_or_unreached0 action=make_not_entrant pc=0x0000015eb2847eac method=java.util.concurrent.locks.ReentrantReadWriteLock$Sync.tryAcquireShared(I)I @ 129 c2
Event: 2.766 Thread 0x0000015e863b20e0 Uncommon trap: trap_request=0xffffffec fr.pc=0x0000015eb2847eac relative=0x00000000000001ec
Event: 2.766 Thread 0x0000015e863b20e0 Uncommon trap: reason=null_assert_or_unreached0 action=make_not_entrant pc=0x0000015eb2847eac method=java.util.concurrent.locks.ReentrantReadWriteLock$Sync.tryAcquireShared(I)I @ 129 c2
Event: 2.766 Thread 0x0000015e863b3490 DEOPT PACKING pc=0x0000015eb2847eac sp=0x00000008258fcc00
Event: 2.766 Thread 0x0000015e863b3490 DEOPT UNPACKING pc=0x0000015eb1f93aa2 sp=0x00000008258fcb78 mode 2
Event: 2.766 Thread 0x0000015e863b4ed0 DEOPT PACKING pc=0x0000015eb2847eac sp=0x0000000825bfc910
Event: 2.766 Thread 0x0000015e863b4ed0 DEOPT UNPACKING pc=0x0000015eb1f93aa2 sp=0x0000000825bfc888 mode 2
Event: 2.766 Thread 0x0000015e863b20e0 DEOPT PACKING pc=0x0000015eb2847eac sp=0x0000000828bfc410
Event: 2.766 Thread 0x0000015e863b20e0 DEOPT UNPACKING pc=0x0000015eb1f93aa2 sp=0x0000000828bfc388 mode 2
Event: 2.815 Thread 0x0000015e863b4ed0 Uncommon trap: trap_request=0xffffff45 fr.pc=0x0000015eb2874c04 relative=0x00000000000005c4
Event: 2.815 Thread 0x0000015e863b4ed0 Uncommon trap: reason=unstable_if action=reinterpret pc=0x0000015eb2874c04 method=java.util.ArrayList.equalsRange(Ljava/util/List;II)Z @ 41 c2
Event: 2.815 Thread 0x0000015e863b4ed0 DEOPT PACKING pc=0x0000015eb2874c04 sp=0x0000000825bfd8b0
Event: 2.815 Thread 0x0000015e863b4ed0 DEOPT UNPACKING pc=0x0000015eb1f93aa2 sp=0x0000000825bfd850 mode 2
Event: 2.820 Thread 0x0000015e863b4ed0 Uncommon trap: trap_request=0xffffff45 fr.pc=0x0000015eb2755d2c relative=0x000000000000016c
Event: 2.820 Thread 0x0000015e863b4ed0 Uncommon trap: reason=unstable_if action=reinterpret pc=0x0000015eb2755d2c method=java.util.concurrent.ConcurrentHashMap.addCount(JI)V @ 34 c2
Event: 2.820 Thread 0x0000015e863b4ed0 DEOPT PACKING pc=0x0000015eb2755d2c sp=0x0000000825bfcc40
Event: 2.820 Thread 0x0000015e863b4ed0 DEOPT UNPACKING pc=0x0000015eb1f93aa2 sp=0x0000000825bfcb80 mode 2

Classes loaded (20 events):
Event: 2.736 Loading class java/lang/invoke/MethodHandleImpl$Makers$1
Event: 2.736 Loading class java/lang/invoke/MethodHandleImpl$Makers$1 done
Event: 2.736 Loading class java/lang/invoke/MethodHandleImpl$Makers$2
Event: 2.736 Loading class java/lang/invoke/MethodHandleImpl$Makers$2 done
Event: 2.736 Loading class java/lang/invoke/MethodHandleImpl$Makers$3
Event: 2.736 Loading class java/lang/invoke/MethodHandleImpl$Makers$3 done
Event: 2.739 Loading class java/lang/runtime/ObjectMethods$1
Event: 2.739 Loading class java/lang/runtime/ObjectMethods$1 done
Event: 2.755 Loading class java/lang/invoke/MethodHandleImpl$CountingWrapper
Event: 2.755 Loading class java/lang/invoke/MethodHandleImpl$CountingWrapper done
Event: 2.765 Loading class java/util/AbstractList$ListItr
Event: 2.765 Loading class java/util/AbstractList$ListItr done
Event: 2.765 Loading class java/util/concurrent/locks/ReentrantReadWriteLock$Sync$HoldCounter
Event: 2.766 Loading class java/util/concurrent/locks/ReentrantReadWriteLock$Sync$HoldCounter done
Event: 2.771 Loading class java/nio/channels/Channels$ReadableByteChannelImpl
Event: 2.771 Loading class java/nio/channels/Channels$ReadableByteChannelImpl done
Event: 2.771 Loading class java/nio/channels/NonWritableChannelException
Event: 2.771 Loading class java/nio/channels/NonWritableChannelException done
Event: 2.842 Loading class java/lang/invoke/MethodHandleImpl$CountingWrapper$1
Event: 2.843 Loading class java/lang/invoke/MethodHandleImpl$CountingWrapper$1 done

Classes unloaded (7 events):
Event: 1.250 Thread 0x0000015ebbcd4a50 Unloading class 0x0000015ebd181400 'java/lang/invoke/LambdaForm$MH+0x0000015ebd181400'
Event: 1.250 Thread 0x0000015ebbcd4a50 Unloading class 0x0000015ebd181000 'java/lang/invoke/LambdaForm$MH+0x0000015ebd181000'
Event: 1.250 Thread 0x0000015ebbcd4a50 Unloading class 0x0000015ebd180c00 'java/lang/invoke/LambdaForm$MH+0x0000015ebd180c00'
Event: 1.250 Thread 0x0000015ebbcd4a50 Unloading class 0x0000015ebd180800 'java/lang/invoke/LambdaForm$MH+0x0000015ebd180800'
Event: 1.250 Thread 0x0000015ebbcd4a50 Unloading class 0x0000015ebd180400 'java/lang/invoke/LambdaForm$BMH+0x0000015ebd180400'
Event: 1.250 Thread 0x0000015ebbcd4a50 Unloading class 0x0000015ebd180000 'java/lang/invoke/LambdaForm$DMH+0x0000015ebd180000'
Event: 1.250 Thread 0x0000015ebbcd4a50 Unloading class 0x0000015ebd17ec00 'java/lang/invoke/LambdaForm$DMH+0x0000015ebd17ec00'

Classes redefined (0 events):
No events

Internal exceptions (20 events):
Event: 2.735 Thread 0x0000015e863b4ed0 Exception <a 'java/lang/NoSuchMethodError'{0x00000000eb3e9718}: 'java.lang.Object java.lang.invoke.Invokers$Holder.invoke_MT(java.lang.Object, java.lang.Object, java.lang.Object, java.lang.Object, java.lang.Object, java.lang.Object, java.lang.Object, java.lang.Object, java.lang.Object, java.lang.Object)'> (0x00000000eb3e9718) 
thrown [s\src\hotspot\share\interpreter\linkResolver.cpp, line 773]
Event: 2.735 Thread 0x0000015e863b3490 Exception <a 'java/lang/NoSuchMethodError'{0x00000000eb3e66e8}: 'java.lang.Object java.lang.invoke.Invokers$Holder.invoke_MT(java.lang.Object, java.lang.Object, java.lang.Object, java.lang.Object, java.lang.Object, java.lang.Object, java.lang.Object, java.lang.Object, java.lang.Object, java.lang.Object)'> (0x00000000eb3e66e8) 
thrown [s\src\hotspot\share\interpreter\linkResolver.cpp, line 773]
Event: 2.739 Thread 0x0000015e863b4ed0 Exception <a 'java/lang/NoSuchMethodError'{0x00000000eb46ea20}: 'int java.lang.invoke.DirectMethodHandle$Holder.invokeVirtual(java.lang.Object, java.lang.Object, java.lang.Object)'> (0x00000000eb46ea20) 
thrown [s\src\hotspot\share\interpreter\linkResolver.cpp, line 773]
Event: 2.740 Thread 0x0000015e863b4ed0 Exception <a 'java/lang/NoSuchMethodError'{0x00000000eb473020}: 'int java.lang.invoke.DirectMethodHandle$Holder.invokeStaticInit(java.lang.Object, int, int)'> (0x00000000eb473020) 
thrown [s\src\hotspot\share\interpreter\linkResolver.cpp, line 773]
Event: 2.740 Thread 0x0000015e863b4ed0 Exception <a 'java/lang/NoSuchMethodError'{0x00000000eb47acd0}: 'int java.lang.invoke.DirectMethodHandle$Holder.invokeStaticInit(java.lang.Object, long, long)'> (0x00000000eb47acd0) 
thrown [s\src\hotspot\share\interpreter\linkResolver.cpp, line 773]
Event: 2.741 Thread 0x0000015e863b4ed0 Exception <a 'java/lang/NoSuchMethodError'{0x00000000eb481f68}: 'int java.lang.invoke.DirectMethodHandle$Holder.invokeStaticInit(java.lang.Object, float, float)'> (0x00000000eb481f68) 
thrown [s\src\hotspot\share\interpreter\linkResolver.cpp, line 773]
Event: 2.741 Thread 0x0000015e863b4ed0 Exception <a 'java/lang/NoSuchMethodError'{0x00000000eb4891b8}: 'int java.lang.invoke.DirectMethodHandle$Holder.invokeStaticInit(java.lang.Object, double, double)'> (0x00000000eb4891b8) 
thrown [s\src\hotspot\share\interpreter\linkResolver.cpp, line 773]
Event: 2.741 Thread 0x0000015e863b4ed0 Exception <a 'java/lang/NoSuchMethodError'{0x00000000eb48dc88}: 'int java.lang.invoke.DirectMethodHandle$Holder.invokeStatic(java.lang.Object, long)'> (0x00000000eb48dc88) 
thrown [s\src\hotspot\share\interpreter\linkResolver.cpp, line 773]
Event: 2.743 Thread 0x0000015e863b4ed0 Exception <a 'java/lang/NoSuchMethodError'{0x00000000eb4d5468}: 'int java.lang.invoke.Invokers$Holder.linkToTargetMethod(java.lang.Object, java.lang.Object)'> (0x00000000eb4d5468) 
thrown [s\src\hotspot\share\interpreter\linkResolver.cpp, line 773]
Event: 2.743 Thread 0x0000015e863b3490 Exception <a 'java/lang/NoSuchMethodError'{0x00000000eb4d8d10}: 'int java.lang.invoke.Invokers$Holder.linkToTargetMethod(java.lang.Object, java.lang.Object)'> (0x00000000eb4d8d10) 
thrown [s\src\hotspot\share\interpreter\linkResolver.cpp, line 773]
Event: 2.743 Thread 0x0000015e863b20e0 Exception <a 'java/lang/NoSuchMethodError'{0x00000000eb4c2bc0}: 'int java.lang.invoke.Invokers$Holder.linkToTargetMethod(java.lang.Object, java.lang.Object)'> (0x00000000eb4c2bc0) 
thrown [s\src\hotspot\share\interpreter\linkResolver.cpp, line 773]
Event: 2.754 Thread 0x0000015e863b4ed0 Exception <a 'java/lang/NoSuchMethodError'{0x00000000eb65be68}: 'int java.lang.invoke.DirectMethodHandle$Holder.invokeSpecial(java.lang.Object, java.lang.Object, java.lang.Object, java.lang.Object)'> (0x00000000eb65be68) 
thrown [s\src\hotspot\share\interpreter\linkResolver.cpp, line 773]
Event: 2.754 Thread 0x0000015e863b20e0 Exception <a 'java/lang/NoSuchMethodError'{0x00000000eb4cb488}: 'int java.lang.invoke.DirectMethodHandle$Holder.invokeSpecial(java.lang.Object, java.lang.Object, java.lang.Object, java.lang.Object)'> (0x00000000eb4cb488) 
thrown [s\src\hotspot\share\interpreter\linkResolver.cpp, line 773]
Event: 2.755 Thread 0x0000015e863b4ed0 Exception <a 'java/lang/NoSuchMethodError'{0x00000000eb681fd8}: 'java.lang.Object java.lang.invoke.DirectMethodHandle$Holder.invokeStatic(java.lang.Object, int, java.lang.Object, java.lang.Object)'> (0x00000000eb681fd8) 
thrown [s\src\hotspot\share\interpreter\linkResolver.cpp, line 773]
Event: 2.755 Thread 0x0000015e863b20e0 Exception <a 'java/lang/NoSuchMethodError'{0x00000000eb669660}: 'java.lang.Object java.lang.invoke.DirectMethodHandle$Holder.invokeStatic(java.lang.Object, int, java.lang.Object, java.lang.Object)'> (0x00000000eb669660) 
thrown [s\src\hotspot\share\interpreter\linkResolver.cpp, line 773]
Event: 2.755 Thread 0x0000015e863b4ed0 Exception <a 'java/lang/NoSuchMethodError'{0x00000000eb68d950}: 'java.lang.Object java.lang.invoke.DelegatingMethodHandle$Holder.delegate(java.lang.Object, int, java.lang.Object, java.lang.Object)'> (0x00000000eb68d950) 
thrown [s\src\hotspot\share\interpreter\linkResolver.cpp, line 773]
Event: 2.755 Thread 0x0000015e863b20e0 Exception <a 'java/lang/NoSuchMethodError'{0x00000000eb66ce28}: 'java.lang.Object java.lang.invoke.DelegatingMethodHandle$Holder.delegate(java.lang.Object, int, java.lang.Object, java.lang.Object)'> (0x00000000eb66ce28) 
thrown [s\src\hotspot\share\interpreter\linkResolver.cpp, line 773]
Event: 2.755 Thread 0x0000015e863b4ed0 Implicit null exception at 0x0000015eb2851b76 to 0x0000015eb2851eac
Event: 2.756 Thread 0x0000015e863b4ed0 Exception <a 'java/lang/NoSuchMethodError'{0x00000000eb6b1428}: 'int java.lang.invoke.Invokers$Holder.linkToTargetMethod(java.lang.Object, java.lang.Object, java.lang.Object)'> (0x00000000eb6b1428) 
thrown [s\src\hotspot\share\interpreter\linkResolver.cpp, line 773]
Event: 2.756 Thread 0x0000015e863b20e0 Exception <a 'java/lang/NoSuchMethodError'{0x00000000eb67bcf8}: 'int java.lang.invoke.Invokers$Holder.linkToTargetMethod(java.lang.Object, java.lang.Object, java.lang.Object)'> (0x00000000eb67bcf8) 
thrown [s\src\hotspot\share\interpreter\linkResolver.cpp, line 773]

ZGC Phase Switch (0 events):
No events

VM Operations (20 events):
Event: 2.180 Executing VM operation: HandshakeAllThreads (Deoptimize)
Event: 2.180 Executing VM operation: HandshakeAllThreads (Deoptimize) done
Event: 2.368 Executing VM operation: HandshakeAllThreads (Deoptimize)
Event: 2.368 Executing VM operation: HandshakeAllThreads (Deoptimize) done
Event: 2.632 Executing VM operation: ParallelGCFailedAllocation (Allocation Failure)
Event: 2.634 Executing VM operation: ParallelGCFailedAllocation (Allocation Failure) done
Event: 2.656 Executing VM operation: HandshakeAllThreads (Deoptimize)
Event: 2.656 Executing VM operation: HandshakeAllThreads (Deoptimize) done
Event: 2.662 Executing VM operation: HandshakeAllThreads (Deoptimize)
Event: 2.662 Executing VM operation: HandshakeAllThreads (Deoptimize) done
Event: 2.685 Executing VM operation: HandshakeAllThreads (Deoptimize)
Event: 2.685 Executing VM operation: HandshakeAllThreads (Deoptimize) done
Event: 2.685 Executing VM operation: HandshakeAllThreads (Deoptimize)
Event: 2.686 Executing VM operation: HandshakeAllThreads (Deoptimize) done
Event: 2.802 Executing VM operation: ParallelGCFailedAllocation (Allocation Failure)
Event: 2.804 Executing VM operation: ParallelGCFailedAllocation (Allocation Failure) done
Event: 2.854 Executing VM operation: ParallelGCFailedAllocation (Allocation Failure)
Event: 2.856 Executing VM operation: ParallelGCFailedAllocation (Allocation Failure) done
Event: 2.913 Executing VM operation: ParallelGCFailedAllocation (Allocation Failure)
Event: 2.916 Executing VM operation: ParallelGCFailedAllocation (Allocation Failure) done

Memory protections (0 events):
No events

Nmethod flushes (0 events):
No events

Events (20 events):
Event: 1.579 Thread 0x0000015ea779bdd0 Thread added: 0x0000015e863b2770
Event: 1.579 Thread 0x0000015ea779bdd0 Thread added: 0x0000015e863b3b20
Event: 1.579 Thread 0x0000015ea779bdd0 Thread added: 0x0000015e863b5560
Event: 1.579 Thread 0x0000015ea779bdd0 Thread added: 0x0000015e863b06a0
Event: 1.579 Thread 0x0000015ea779bdd0 Thread added: 0x0000015e863b1a50
Event: 1.579 Thread 0x0000015ea779bdd0 Thread added: 0x0000015e863b13c0
Event: 1.579 Thread 0x0000015ea779bdd0 Thread added: 0x0000015e863b2e00
Event: 1.579 Thread 0x0000015ea779bdd0 Thread added: 0x0000015e863b5bf0
Event: 1.579 Thread 0x0000015ea779bdd0 Thread added: 0x0000015e863af2f0
Event: 1.579 Thread 0x0000015ea779bdd0 Thread added: 0x0000015e863b41b0
Event: 1.579 Thread 0x0000015ea779bdd0 Thread added: 0x0000015e863aec60
Event: 1.591 Thread 0x0000015ea779bdd0 Thread added: 0x0000015e863b0d30
Event: 1.665 Thread 0x0000015ea779bdd0 Thread added: 0x0000015e863b4840
Event: 1.665 Thread 0x0000015ea779bdd0 Thread added: 0x0000015e863b20e0
Event: 2.128 Thread 0x0000015e85052610 Thread exited: 0x0000015e85052610
Event: 2.128 Thread 0x0000015e804aac40 Thread exited: 0x0000015e804aac40
Event: 2.345 Thread 0x0000015efe65d310 Thread exited: 0x0000015efe65d310
Event: 2.598 Thread 0x0000015e863b20e0 Thread added: 0x0000015e863b3490
Event: 2.629 Thread 0x0000015e863b20e0 Thread added: 0x0000015e863b4ed0
Event: 2.710 Thread 0x0000015efe60f050 Thread added: 0x0000015e881e93f0


Dynamic libraries:
0x00007ff7f1e90000 - 0x00007ff7f1e9e000 	c:\Users\shrut\.vscode\extensions\redhat.java-1.39.0-win32-x64\jre\21.0.5-win32-x86_64\bin\java.exe
0x00007ffe8c290000 - 0x00007ffe8c4a7000 	C:\Windows\SYSTEM32\ntdll.dll
0x00007ffe8bde0000 - 0x00007ffe8bea4000 	C:\Windows\System32\KERNEL32.DLL
0x00007ffe897c0000 - 0x00007ffe89b7a000 	C:\Windows\System32\KERNELBASE.dll
0x00007ffe89670000 - 0x00007ffe89781000 	C:\Windows\System32\ucrtbase.dll
0x00007ffe80410000 - 0x00007ffe80428000 	c:\Users\shrut\.vscode\extensions\redhat.java-1.39.0-win32-x64\jre\21.0.5-win32-x86_64\bin\jli.dll
0x00007ffe7f420000 - 0x00007ffe7f43e000 	c:\Users\shrut\.vscode\extensions\redhat.java-1.39.0-win32-x64\jre\21.0.5-win32-x86_64\bin\VCRUNTIME140.dll
0x00007ffe8a080000 - 0x00007ffe8a22e000 	C:\Windows\System32\USER32.dll
0x00007ffe89f50000 - 0x00007ffe89f76000 	C:\Windows\System32\win32u.dll
0x00007ffe7f170000 - 0x00007ffe7f402000 	C:\Windows\WinSxS\amd64_microsoft.windows.common-controls_6595b64144ccf1df_6.0.22621.4541_none_2710d1c57384c085\COMCTL32.dll
0x00007ffe8b5b0000 - 0x00007ffe8b5d9000 	C:\Windows\System32\GDI32.dll
0x00007ffe8bb30000 - 0x00007ffe8bbd7000 	C:\Windows\System32\msvcrt.dll
0x00007ffe89550000 - 0x00007ffe8966b000 	C:\Windows\System32\gdi32full.dll
0x00007ffe89d70000 - 0x00007ffe89e0a000 	C:\Windows\System32\msvcp_win.dll
0x00007ffe8b5e0000 - 0x00007ffe8b611000 	C:\Windows\System32\IMM32.DLL
0x00007ffe82b90000 - 0x00007ffe82b9c000 	c:\Users\shrut\.vscode\extensions\redhat.java-1.39.0-win32-x64\jre\21.0.5-win32-x86_64\bin\vcruntime140_1.dll
0x00007ffe38d70000 - 0x00007ffe38dfd000 	c:\Users\shrut\.vscode\extensions\redhat.java-1.39.0-win32-x64\jre\21.0.5-win32-x86_64\bin\msvcp140.dll
0x00007ffddd0f0000 - 0x00007ffddde7f000 	c:\Users\shrut\.vscode\extensions\redhat.java-1.39.0-win32-x64\jre\21.0.5-win32-x86_64\bin\server\jvm.dll
0x00007ffe8bbe0000 - 0x00007ffe8bc92000 	C:\Windows\System32\ADVAPI32.dll
0x00007ffe8b1d0000 - 0x00007ffe8b277000 	C:\Windows\System32\sechost.dll
0x00007ffe89790000 - 0x00007ffe897b8000 	C:\Windows\System32\bcrypt.dll
0x00007ffe8b490000 - 0x00007ffe8b5a4000 	C:\Windows\System32\RPCRT4.dll
0x00007ffe8b0a0000 - 0x00007ffe8b111000 	C:\Windows\System32\WS2_32.dll
0x00007ffe883e0000 - 0x00007ffe8842d000 	C:\Windows\SYSTEM32\POWRPROF.dll
0x00007ffe80790000 - 0x00007ffe8079a000 	C:\Windows\SYSTEM32\VERSION.dll
0x00007ffe82fe0000 - 0x00007ffe83014000 	C:\Windows\SYSTEM32\WINMM.dll
0x00007ffe883c0000 - 0x00007ffe883d3000 	C:\Windows\SYSTEM32\UMPDC.dll
0x00007ffe88680000 - 0x00007ffe88698000 	C:\Windows\SYSTEM32\kernel.appcore.dll
0x00007ffe829b0000 - 0x00007ffe829ba000 	c:\Users\shrut\.vscode\extensions\redhat.java-1.39.0-win32-x64\jre\21.0.5-win32-x86_64\bin\jimage.dll
0x00007ffe86800000 - 0x00007ffe86a32000 	C:\Windows\SYSTEM32\DBGHELP.DLL
0x00007ffe8b620000 - 0x00007ffe8b9b1000 	C:\Windows\System32\combase.dll
0x00007ffe8bd00000 - 0x00007ffe8bdd7000 	C:\Windows\System32\OLEAUT32.dll
0x00007ffe7f4d0000 - 0x00007ffe7f502000 	C:\Windows\SYSTEM32\dbgcore.DLL
0x00007ffe89e10000 - 0x00007ffe89e8b000 	C:\Windows\System32\bcryptPrimitives.dll
0x00007ffe81b00000 - 0x00007ffe81b0f000 	c:\Users\shrut\.vscode\extensions\redhat.java-1.39.0-win32-x64\jre\21.0.5-win32-x86_64\bin\instrument.dll
0x00007ffe783c0000 - 0x00007ffe783df000 	c:\Users\shrut\.vscode\extensions\redhat.java-1.39.0-win32-x64\jre\21.0.5-win32-x86_64\bin\java.dll
0x00007ffe8a820000 - 0x00007ffe8b099000 	C:\Windows\System32\SHELL32.dll
0x00007ffe87450000 - 0x00007ffe87d59000 	C:\Windows\SYSTEM32\windows.storage.dll
0x00007ffe87310000 - 0x00007ffe8744f000 	C:\Windows\SYSTEM32\wintypes.dll
0x00007ffe8c150000 - 0x00007ffe8c24a000 	C:\Windows\System32\SHCORE.dll
0x00007ffe8bca0000 - 0x00007ffe8bcfe000 	C:\Windows\System32\shlwapi.dll
0x00007ffe89480000 - 0x00007ffe894ab000 	C:\Windows\SYSTEM32\profapi.dll
0x00007ffe778f0000 - 0x00007ffe77908000 	c:\Users\shrut\.vscode\extensions\redhat.java-1.39.0-win32-x64\jre\21.0.5-win32-x86_64\bin\zip.dll
0x00007ffe81820000 - 0x00007ffe81830000 	C:\Users\shrut\.vscode\extensions\redhat.java-1.39.0-win32-x64\jre\21.0.5-win32-x86_64\bin\net.dll
0x00007ffe84a10000 - 0x00007ffe84b46000 	C:\Windows\SYSTEM32\WINHTTP.dll
0x00007ffe88b00000 - 0x00007ffe88b69000 	C:\Windows\system32\mswsock.dll
0x00007ffe6f670000 - 0x00007ffe6f686000 	C:\Users\shrut\.vscode\extensions\redhat.java-1.39.0-win32-x64\jre\21.0.5-win32-x86_64\bin\nio.dll
0x00007ffe803a0000 - 0x00007ffe803b0000 	c:\Users\shrut\.vscode\extensions\redhat.java-1.39.0-win32-x64\jre\21.0.5-win32-x86_64\bin\verify.dll
0x00007ffe58600000 - 0x00007ffe58645000 	C:\Users\shrut\AppData\Roaming\Code\User\globalStorage\redhat.java\1.39.0\config_ss_win\org.eclipse.equinox.launcher\org.eclipse.equinox.launcher.win32.win32.x86_64_1.2.1100.v20240722-2106\eclipse_11904.dll
0x00007ffe8b2e0000 - 0x00007ffe8b485000 	C:\Windows\System32\ole32.dll
0x00007ffe88d60000 - 0x00007ffe88d7b000 	C:\Windows\SYSTEM32\CRYPTSP.dll
0x00007ffe885e0000 - 0x00007ffe88615000 	C:\Windows\system32\rsaenh.dll
0x00007ffe88bf0000 - 0x00007ffe88c18000 	C:\Windows\SYSTEM32\USERENV.dll
0x00007ffe88d50000 - 0x00007ffe88d5c000 	C:\Windows\SYSTEM32\CRYPTBASE.dll
0x00007ffe88040000 - 0x00007ffe8806d000 	C:\Windows\SYSTEM32\IPHLPAPI.DLL
0x00007ffe8b1c0000 - 0x00007ffe8b1c9000 	C:\Windows\System32\NSI.dll
0x00007ffe34d20000 - 0x00007ffe34d69000 	C:\Users\shrut\AppData\Local\Temp\jna-95563663\jna12978392453200665336.dll
0x00007ffe8bb20000 - 0x00007ffe8bb28000 	C:\Windows\System32\PSAPI.DLL
0x00007ffe84940000 - 0x00007ffe84959000 	C:\Windows\SYSTEM32\dhcpcsvc6.DLL
0x00007ffe84920000 - 0x00007ffe8493f000 	C:\Windows\SYSTEM32\dhcpcsvc.DLL

dbghelp: loaded successfully - version: 4.0.5 - missing functions: none
symbol engine: initialized successfully - sym options: 0x614 - pdb path: .;c:\Users\shrut\.vscode\extensions\redhat.java-1.39.0-win32-x64\jre\21.0.5-win32-x86_64\bin;C:\Windows\SYSTEM32;C:\Windows\WinSxS\amd64_microsoft.windows.common-controls_6595b64144ccf1df_6.0.22621.4541_none_2710d1c57384c085;c:\Users\shrut\.vscode\extensions\redhat.java-1.39.0-win32-x64\jre\21.0.5-win32-x86_64\bin\server;C:\Users\shrut\AppData\Roaming\Code\User\globalStorage\redhat.java\1.39.0\config_ss_win\org.eclipse.equinox.launcher\org.eclipse.equinox.launcher.win32.win32.x86_64_1.2.1100.v20240722-2106;C:\Users\shrut\AppData\Local\Temp\jna-95563663

VM Arguments:
jvm_args: --add-modules=ALL-SYSTEM --add-opens=java.base/java.util=ALL-UNNAMED --add-opens=java.base/java.lang=ALL-UNNAMED --add-opens=java.base/sun.nio.fs=ALL-UNNAMED -Declipse.application=org.eclipse.jdt.ls.core.id1 -Dosgi.bundles.defaultStartLevel=4 -Declipse.product=org.eclipse.jdt.ls.core.product -Djava.import.generatesMetadataFilesAtProjectRoot=false -DDetectVMInstallationsJob.disabled=true -Dfile.encoding=utf8 -XX:+UseParallelGC -XX:GCTimeRatio=4 -XX:AdaptiveSizePolicyWeight=90 -Dsun.zip.disableMemoryMapping=true -Xmx1G -Xms100m -Xlog:disable -javaagent:c:\Users\shrut\.vscode\extensions\redhat.java-1.39.0-win32-x64\lombok\lombok-1.18.34.jar 
java_command: c:\Users\shrut\.vscode\extensions\redhat.java-1.39.0-win32-x64\server\plugins\org.eclipse.equinox.launcher_1.6.900.v20240613-2009.jar -configuration c:\Users\shrut\AppData\Roaming\Code\User\globalStorage\redhat.java\1.39.0\config_ss_win -data c:\Users\shrut\AppData\Roaming\Code\User\workspaceStorage\13d5b289daf9dd463891c682a71bcb96\redhat.java\ss_ws --pipe=\\.\pipe\lsp-d339c11b7c1ff00c188d1091a4e72a50-sock
java_class_path (initial): c:\Users\shrut\.vscode\extensions\redhat.java-1.39.0-win32-x64\server\plugins\org.eclipse.equinox.launcher_1.6.900.v20240613-2009.jar
Launcher Type: SUN_STANDARD

[Global flags]
    uintx AdaptiveSizePolicyWeight                 = 90                                        {product} {command line}
     intx CICompilerCount                          = 12                                        {product} {ergonomic}
    uintx GCTimeRatio                              = 4                                         {product} {command line}
   size_t InitialHeapSize                          = 104857600                                 {product} {command line}
   size_t MaxHeapSize                              = 1073741824                                {product} {command line}
   size_t MaxNewSize                               = 357564416                                 {product} {ergonomic}
   size_t MinHeapDeltaBytes                        = 524288                                    {product} {ergonomic}
   size_t MinHeapSize                              = 104857600                                 {product} {command line}
   size_t NewSize                                  = 34603008                                  {product} {ergonomic}
    uintx NonNMethodCodeHeapSize                   = 7602480                                {pd product} {ergonomic}
    uintx NonProfiledCodeHeapSize                  = 122027880                              {pd product} {ergonomic}
   size_t OldSize                                  = 70254592                                  {product} {ergonomic}
    uintx ProfiledCodeHeapSize                     = 122027880                              {pd product} {ergonomic}
    uintx ReservedCodeCacheSize                    = 251658240                              {pd product} {ergonomic}
     bool SegmentedCodeCache                       = true                                      {product} {ergonomic}
   size_t SoftMaxHeapSize                          = 1073741824                             {manageable} {ergonomic}
     bool UseCompressedOops                        = true                           {product lp64_product} {ergonomic}
     bool UseLargePagesIndividualAllocation        = false                                  {pd product} {ergonomic}
     bool UseParallelGC                            = true                                      {product} {command line}

Logging:
Log output configuration:
 #0: stdout all=off uptime,level,tags foldmultilines=false
 #1: stderr all=off uptime,level,tags foldmultilines=false

Environment Variables:
PATH=C:\Program Files\Common Files\Oracle\Java\javapath;C:\Program Files\Python312\Scripts\;C:\Program Files\Python312\;C:\Windows\system32;C:\Windows;C:\Windows\System32\Wbem;C:\Windows\System32\WindowsPowerShell\v1.0\;C:\Windows\System32\OpenSSH\;C:\Program Files (x86)\NVIDIA Corporation\PhysX\Common;C:\Program Files\NVIDIA Corporation\NVIDIA NvDLISR;C:\Program Files\Git\cmd;C:\Program Files (x86)\Microsoft SQL Server\160\Tools\Binn\;C:\Program Files\Microsoft SQL Server\160\Tools\Binn\;C:\Program Files\Microsoft SQL Server\Client SDK\ODBC\170\Tools\Binn\;C:\Program Files\Microsoft SQL Server\160\DTS\Binn\;C:\Program Files (x86)\Microsoft SQL Server\160\DTS\Binn\;C:\Program Files\nodejs\;C:\ProgramData\chocolatey\bin;C:\Users\shrut\AppData\Local\Microsoft\WindowsApps;C:\Users\shrut\AppData\Local\GitHubDesktop\bin;C:\Users\shrut\AppData\Local\Programs\Microsoft VS Code\bin;C:\Program Files\JetBrains\IntelliJ IDEA 2024.1.4\bin;;C:\Users\shrut\AppData\Roaming\npm
USERNAME=dhruv
OS=Windows_NT
PROCESSOR_IDENTIFIER=Intel64 Family 6 Model 186 Stepping 2, GenuineIntel
TMP=C:\Users\shrut\AppData\Local\Temp
TEMP=C:\Users\shrut\AppData\Local\Temp




Periodic native trim disabled

---------------  S Y S T E M  ---------------

OS:
 Windows 11 , 64 bit Build 22621 (10.0.22621.4391)
OS uptime: 0 days 15:59 hours
Hyper-V role detected

CPU: total 20 (initial active 20) (10 cores per cpu, 2 threads per core) family 6 model 186 stepping 2 microcode 0x410e, cx8, cmov, fxsr, ht, mmx, 3dnowpref, sse, sse2, sse3, ssse3, sse4.1, sse4.2, popcnt, lzcnt, tsc, tscinvbit, avx, avx2, aes, erms, clmul, bmi1, bmi2, adx, sha, fma, vzeroupper, clflush, clflushopt, clwb, hv, serialize, rdtscp, rdpid, fsrm, f16c, cet_ibt, cet_ss
Processor Information for all 20 processors :
  Max Mhz: 2600, Current Mhz: 2600, Mhz Limit: 2600

Memory: 4k page, system-wide physical 16010M (467M free)
TotalPageFile size 65162M (AvailPageFile size 72M)
current process WorkingSet (physical memory assigned to process): 193M, peak: 194M
current process commit charge ("private bytes"): 305M, peak: 309M

vm_info: OpenJDK 64-Bit Server VM (21.0.5+11-LTS) for windows-amd64 JRE (21.0.5+11-LTS), built on 2024-10-15T00:00:00Z by "admin" with MS VC++ 17.7 (VS2022)

END.
