#
# There is insufficient memory for the Java Runtime Environment to continue.
# Native memory allocation (malloc) failed to allocate 2373456 bytes. Error detail: Chunk::new
# Possible reasons:
#   The system is out of physical RAM or swap space
#   This process is running with CompressedOops enabled, and the Java Heap may be blocking the growth of the native heap
# Possible solutions:
#   Reduce memory load on the system
#   Increase physical memory or swap space
#   Check if swap backing store is full
#   Decrease Java heap size (-Xmx/-Xms)
#   Decrease number of Java threads
#   Decrease Java thread stack sizes (-Xss)
#   Set larger code cache with -XX:ReservedCodeCacheSize=
#   JVM is running with Unscaled Compressed Oops mode in which the Java heap is
#     placed in the first 4GB address space. The Java Heap base address is the
#     maximum limit for the native heap growth. Please use -XX:HeapBaseMinAddress
#     to set the Java Heap base and to place the Java Heap above 4GB virtual address.
# This output file may be truncated or incomplete.
#
#  Out of Memory Error (arena.cpp:168), pid=17040, tid=2332
#
# JRE version: OpenJDK Runtime Environment Temurin-21.0.5+11 (21.0.5+11) (build 21.0.5+11-LTS)
# Java VM: OpenJDK 64-Bit Server VM Temurin-21.0.5+11 (21.0.5+11-LTS, mixed mode, sharing, tiered, compressed oops, compressed class ptrs, parallel gc, windows-amd64)
# No core dump will be written. Minidumps are not enabled by default on client versions of Windows
#

---------------  S U M M A R Y ------------

Command Line: --add-modules=ALL-SYSTEM --add-opens=java.base/java.util=ALL-UNNAMED --add-opens=java.base/java.lang=ALL-UNNAMED --add-opens=java.base/sun.nio.fs=ALL-UNNAMED -Declipse.application=org.eclipse.jdt.ls.core.id1 -Dosgi.bundles.defaultStartLevel=4 -Declipse.product=org.eclipse.jdt.ls.core.product -Djava.import.generatesMetadataFilesAtProjectRoot=false -DDetectVMInstallationsJob.disabled=true -Dfile.encoding=utf8 -XX:+UseParallelGC -XX:GCTimeRatio=4 -XX:AdaptiveSizePolicyWeight=90 -Dsun.zip.disableMemoryMapping=true -Xmx1G -Xms100m -Xlog:disable -javaagent:c:\Users\shrut\.vscode\extensions\redhat.java-1.39.0-win32-x64\lombok\lombok-1.18.34.jar -XX:+HeapDumpOnOutOfMemoryError -XX:HeapDumpPath=c:\Users\shrut\AppData\Roaming\Code\User\workspaceStorage\13d5b289daf9dd463891c682a71bcb96\redhat.java -Daether.dependencyCollector.impl=bf c:\Users\shrut\.vscode\extensions\redhat.java-1.39.0-win32-x64\server\plugins\org.eclipse.equinox.launcher_1.6.900.v20240613-2009.jar -configuration c:\Users\shrut\AppData\Roaming\Code\User\globalStorage\redhat.java\1.39.0\config_win -data c:\Users\shrut\AppData\Roaming\Code\User\workspaceStorage\13d5b289daf9dd463891c682a71bcb96\redhat.java\jdt_ws --pipe=\\.\pipe\lsp-787138a7b1200c6c096f751e281408b4-sock

Host: 13th Gen Intel(R) Core(TM) i9-13900H, 20 cores, 15G,  Windows 11 , 64 bit Build 22621 (10.0.22621.4391)
Time: Wed Feb  5 15:28:53 2025 India Standard Time elapsed time: 16.966511 seconds (0d 0h 0m 16s)

---------------  T H R E A D  ---------------

Current thread (0x000001b5c5cd0af0):  JavaThread "C2 CompilerThread0" daemon [_thread_in_native, id=2332, stack(0x0000002573500000,0x0000002573600000) (1024K)]


Current CompileTask:
C2:16966 10239   !   4       org.eclipse.jdt.internal.compiler.classfmt.ClassFileReader::<init> (2135 bytes)

Stack: [0x0000002573500000,0x0000002573600000]
Native frames: (J=compiled Java code, j=interpreted, Vv=VM code, C=native code)
V  [jvm.dll+0x6cd4e9]
V  [jvm.dll+0x8a7941]
V  [jvm.dll+0x8a9e6e]
V  [jvm.dll+0x8aa543]
V  [jvm.dll+0x27f6d6]
V  [jvm.dll+0xc500d]
V  [jvm.dll+0xc5543]
V  [jvm.dll+0x3b65d2]
V  [jvm.dll+0x1dffe9]
V  [jvm.dll+0x247b22]
V  [jvm.dll+0x246faf]
V  [jvm.dll+0x1c75ce]
V  [jvm.dll+0x25682a]
V  [jvm.dll+0x254dca]
V  [jvm.dll+0x3f00d6]
V  [jvm.dll+0x8514fb]
V  [jvm.dll+0x6cbbed]
C  [ucrtbase.dll+0x29333]
C  [KERNEL32.DLL+0x1259d]
C  [ntdll.dll+0x5af38]


---------------  P R O C E S S  ---------------

Threads class SMR info:
_java_thread_list=0x000001b61b0b8760, length=108, elements={
0x000001b5b17929f0, 0x000001b5c5cc93e0, 0x000001b5c5cc9f90, 0x000001b5c5ccba40,
0x000001b5c5ccc880, 0x000001b5c5ccd7e0, 0x000001b5c5ccf9e0, 0x000001b5c5cd0af0,
0x000001b5c5cd21f0, 0x000001b6083de200, 0x000001b6083e0310, 0x000001b60a1ec230,
0x000001b60a877260, 0x000001b60a872260, 0x000001b60f064220, 0x000001b60a96c2e0,
0x000001b60f0ea330, 0x000001b60f574db0, 0x000001b60f9fea70, 0x000001b60f501240,
0x000001b60f502c80, 0x000001b60f500bb0, 0x000001b60f500520, 0x000001b60f501f60,
0x000001b60f5025f0, 0x000001b60f503310, 0x000001b6105eb8f0, 0x000001b6105ea540,
0x000001b6105e7de0, 0x000001b6105e8b00, 0x000001b6105e9eb0, 0x000001b6105eb260,
0x000001b6105ebf80, 0x000001b6105ee6e0, 0x000001b6105e9820, 0x000001b6105ecca0,
0x000001b6105e7750, 0x000001b6105ed330, 0x000001b6105ec610, 0x000001b6105ed9c0,
0x000001b6105eed70, 0x000001b6105eabd0, 0x000001b6105ee050, 0x000001b6105e8470,
0x000001b6105e9190, 0x000001b610390e80, 0x000001b6103928c0, 0x000001b61038f440,
0x000001b61038fad0, 0x000001b610391510, 0x000001b610392f50, 0x000001b610391ba0,
0x000001b61038da00, 0x000001b610392230, 0x000001b61038e090, 0x000001b61038bfc0,
0x000001b6103935e0, 0x000001b610390160, 0x000001b61038edb0, 0x000001b61038e720,
0x000001b6103907f0, 0x000001b61038c650, 0x000001b61038cce0, 0x000001b611b6b8c0,
0x000001b611b700f0, 0x000001b611b71b30, 0x000001b611b6e6b0, 0x000001b611b6bf50,
0x000001b611b6fa60, 0x000001b611b721c0, 0x000001b611b6e020, 0x000001b611b6c5e0,
0x000001b611b6ed40, 0x000001b611b6cc70, 0x000001b611b6d300, 0x000001b611b70780,
0x000001b611b6f3d0, 0x000001b611b6b230, 0x000001b611b70e10, 0x000001b611b72850,
0x000001b611b6d990, 0x000001b6117d4e20, 0x000001b6117d26c0, 0x000001b6117d2030,
0x000001b6117d33e0, 0x000001b6117d2d50, 0x000001b6117d54b0, 0x000001b6117d3a70,
0x000001b610b677d0, 0x000001b610b66420, 0x000001b610b649e0, 0x000001b610b65700,
0x000001b610b64350, 0x000001b610b65070, 0x000001b610b65d90, 0x000001b610b66ab0,
0x000001b610b67140, 0x000001b610e3f460, 0x000001b610e3faf0, 0x000001b610e3d390,
0x000001b610e40810, 0x000001b610e3da20, 0x000001b610e3edd0, 0x000001b610e3e0b0,
0x000001b610e3e740, 0x000001b610e40180, 0x000001b61b0f27d0, 0x000001b61b0ef350
}
_to_delete_list=0x000001b61b0b86a0
Skipping _to_delete_list fields and contents for safety.

Java Threads: ( => current thread )
  0x000001b5b17929f0 JavaThread "main"                              [_thread_blocked, id=22796, stack(0x0000002572b00000,0x0000002572c00000) (1024K)]
  0x000001b5c5cc93e0 JavaThread "Reference Handler"          daemon [_thread_blocked, id=10120, stack(0x0000002572f00000,0x0000002573000000) (1024K)]
  0x000001b5c5cc9f90 JavaThread "Finalizer"                  daemon [_thread_blocked, id=31516, stack(0x0000002573000000,0x0000002573100000) (1024K)]
  0x000001b5c5ccba40 JavaThread "Signal Dispatcher"          daemon [_thread_blocked, id=12212, stack(0x0000002573100000,0x0000002573200000) (1024K)]
  0x000001b5c5ccc880 JavaThread "Attach Listener"            daemon [_thread_blocked, id=28752, stack(0x0000002573200000,0x0000002573300000) (1024K)]
  0x000001b5c5ccd7e0 JavaThread "Service Thread"             daemon [_thread_blocked, id=11296, stack(0x0000002573300000,0x0000002573400000) (1024K)]
  0x000001b5c5ccf9e0 JavaThread "Monitor Deflation Thread"   daemon [_thread_blocked, id=30244, stack(0x0000002573400000,0x0000002573500000) (1024K)]
=>0x000001b5c5cd0af0 JavaThread "C2 CompilerThread0"         daemon [_thread_in_native, id=2332, stack(0x0000002573500000,0x0000002573600000) (1024K)]
  0x000001b5c5cd21f0 JavaThread "C1 CompilerThread0"         daemon [_thread_blocked, id=29264, stack(0x0000002573600000,0x0000002573700000) (1024K)]
  0x000001b6083de200 JavaThread "Common-Cleaner"             daemon [_thread_blocked, id=18792, stack(0x0000002573700000,0x0000002573800000) (1024K)]
  0x000001b6083e0310 JavaThread "C1 CompilerThread1"         daemon [_thread_blocked, id=19036, stack(0x0000002573800000,0x0000002573900000) (1024K)]
  0x000001b60a1ec230 JavaThread "Notification Thread"        daemon [_thread_blocked, id=7388, stack(0x0000002573900000,0x0000002573a00000) (1024K)]
  0x000001b60a877260 JavaThread "C1 CompilerThread2"         daemon [_thread_blocked, id=29352, stack(0x0000002574000000,0x0000002574100000) (1024K)]
  0x000001b60a872260 JavaThread "Active Thread: Equinox Container: 35115e88-4925-4fe1-a2bb-c1021638203b"        [_thread_blocked, id=8748, stack(0x0000002574100000,0x0000002574200000) (1024K)]
  0x000001b60f064220 JavaThread "Refresh Thread: Equinox Container: 35115e88-4925-4fe1-a2bb-c1021638203b" daemon [_thread_blocked, id=27864, stack(0x0000002574200000,0x0000002574300000) (1024K)]
  0x000001b60a96c2e0 JavaThread "Framework Event Dispatcher: Equinox Container: 35115e88-4925-4fe1-a2bb-c1021638203b" daemon [_thread_blocked, id=4220, stack(0x0000002574400000,0x0000002574500000) (1024K)]
  0x000001b60f0ea330 JavaThread "Start Level: Equinox Container: 35115e88-4925-4fe1-a2bb-c1021638203b" daemon [_thread_blocked, id=29432, stack(0x0000002574500000,0x0000002574600000) (1024K)]
  0x000001b60f574db0 JavaThread "Bundle File Closer"         daemon [_thread_blocked, id=24468, stack(0x0000002574600000,0x0000002574700000) (1024K)]
  0x000001b60f9fea70 JavaThread "SCR Component Actor"        daemon [_thread_blocked, id=7212, stack(0x0000002574a00000,0x0000002574b00000) (1024K)]
  0x000001b60f501240 JavaThread "Worker-JM"                         [_thread_blocked, id=9936, stack(0x0000002574e00000,0x0000002574f00000) (1024K)]
  0x000001b60f502c80 JavaThread "JNA Cleaner"                daemon [_thread_blocked, id=20816, stack(0x0000002575100000,0x0000002575200000) (1024K)]
  0x000001b60f500bb0 JavaThread "Worker-0"                          [_thread_blocked, id=15492, stack(0x0000002575200000,0x0000002575300000) (1024K)]
  0x000001b60f500520 JavaThread "Worker-1: Java indexing... "        [_thread_blocked, id=20568, stack(0x0000002575300000,0x0000002575400000) (1024K)]
  0x000001b60f501f60 JavaThread "Java indexing"              daemon [_thread_blocked, id=10552, stack(0x0000002575400000,0x0000002575500000) (1024K)]
  0x000001b60f5025f0 JavaThread "Worker-2"                          [_thread_blocked, id=23064, stack(0x0000002575500000,0x0000002575600000) (1024K)]
  0x000001b60f503310 JavaThread ""                                  [_thread_blocked, id=26940, stack(0x0000002575600000,0x0000002575700000) (1024K)]
  0x000001b6105eb8f0 
[error occurred during error reporting (printing all threads), id 0xc0000005, EXCEPTION_ACCESS_VIOLATION (0xc0000005) at pc=0x00007ffd53cd0e42]
VM state: at safepoint (normal execution)

VM Mutex/Monitor currently owned by a thread:  ([mutex/lock_event])
[0x00007ffd5459d380] Threads_lock - owner thread: 0x000001b5c5cc4ae0
[0x00007ffd5459d480] Heap_lock - owner thread: 0x000001b60f501f60

Heap address: 0x00000000c0000000, size: 1024 MB, Compressed Oops mode: 32-bit

CDS archive(s) mapped at: [0x000001b5c6000000-0x000001b5c6ba0000-0x000001b5c6ba0000), size 12189696, SharedBaseAddress: 0x000001b5c6000000, ArchiveRelocationMode: 1.
Compressed class space mapped at: 0x000001b5c7000000-0x000001b607000000, reserved size: 1073741824
Narrow klass base: 0x000001b5c6000000, Narrow klass shift: 0, Narrow klass range: 0x100000000

GC Precious Log:
 CardTable entry size: 512
 CPUs: 20 total, 20 available
 Memory: 16010M
 Large Page Support: Disabled
 NUMA Support: Disabled
 Compressed Oops: Enabled (32-bit)
 Alignments: Space 512K, Generation 512K, Heap 2M
 Heap Min Capacity: 100M
 Heap Initial Capacity: 100M
 Heap Max Capacity: 1G
 Pre-touch: Disabled
 Parallel Workers: 15

Heap:
 PSYoungGen      total 8192K, used 7730K [0x00000000eab00000, 0x00000000eb480000, 0x0000000100000000)
  eden space 6656K, 100% used [0x00000000eab00000,0x00000000eb180000,0x00000000eb180000)
  from space 1536K, 69% used [0x00000000eb300000,0x00000000eb40c9a0,0x00000000eb480000)
  to   space 1536K, 99% used [0x00000000eb180000,0x00000000eb2ff6b0,0x00000000eb300000)
 ParOldGen       total 164352K, used 164062K [0x00000000c0000000, 0x00000000ca080000, 0x00000000eab00000)
  object space 164352K, 99% used [0x00000000c0000000,0x00000000ca037a48,0x00000000ca080000)
 Metaspace       used 61834K, committed 63104K, reserved 1114112K
  class space    used 6265K, committed 6784K, reserved 1048576K

Card table byte_map: [0x000001b5b1130000,0x000001b5b1340000] _byte_map_base: 0x000001b5b0b30000

Marking Bits: (ParMarkBitMap*) 0x00007ffd545a2250
 Begin Bits: [0x000001b5c3ae0000, 0x000001b5c4ae0000)
 End Bits:   [0x000001b5c4ae0000, 0x000001b5c5ae0000)

Polling page: 0x000001b5af750000

Metaspace:

Usage:
  Non-class:     54.27 MB used.
      Class:      6.12 MB used.
       Both:     60.39 MB used.

Virtual space:
  Non-class space:       64.00 MB reserved,      55.00 MB ( 86%) committed,  1 nodes.
      Class space:        1.00 GB reserved,       6.62 MB ( <1%) committed,  1 nodes.
             Both:        1.06 GB reserved,      61.62 MB (  6%) committed. 

Chunk freelists:
   Non-Class:  8.62 MB
       Class:  9.41 MB
        Both:  18.03 MB

MaxMetaspaceSize: unlimited
CompressedClassSpaceSize: 1.00 GB
Initial GC threshold: 21.00 MB
Current GC threshold: 97.31 MB
CDS: on
 - commit_granule_bytes: 65536.
 - commit_granule_words: 8192.
 - virtual_space_node_default_size: 8388608.
 - enlarge_chunks_in_place: 1.
 - use_allocation_guard: 0.


Internal statistics:

num_allocs_failed_limit: 13.
num_arena_births: 1018.
num_arena_deaths: 14.
num_vsnodes_births: 2.
num_vsnodes_deaths: 0.
num_space_committed: 986.
num_space_uncommitted: 0.
num_chunks_returned_to_freelist: 27.
num_chunks_taken_from_freelist: 3861.
num_chunk_merges: 16.
num_chunk_splits: 2407.
num_chunks_enlarged: 1415.
num_inconsistent_stats: 0.

CodeHeap 'non-profiled nmethods': size=119168Kb used=2558Kb max_used=2952Kb free=116609Kb
 bounds [0x000001b5bc680000, 0x000001b5bc970000, 0x000001b5c3ae0000]
CodeHeap 'profiled nmethods': size=119104Kb used=19160Kb max_used=22143Kb free=99943Kb
 bounds [0x000001b5b4ae0000, 0x000001b5b6080000, 0x000001b5bbf30000]
CodeHeap 'non-nmethods': size=7488Kb used=2558Kb max_used=2612Kb free=4929Kb
 bounds [0x000001b5bbf30000, 0x000001b5bc1d0000, 0x000001b5bc680000]
 total_blobs=9651 nmethods=8903 adapters=651
 compilation: enabled
              stopped_count=0, restarted_count=0
 full_count=0

Compilation events (20 events):
Event: 16.848 Thread 0x000001b60a877260 10720       2       com.google.gson.internal.bind.ObjectTypeAdapter$1::create (25 bytes)
Event: 16.848 Thread 0x000001b60a877260 nmethod 10720 0x000001b5b607cf10 code [0x000001b5b607d0c0, 0x000001b5b607d2b8]
Event: 16.849 Thread 0x000001b6083e0310 10721       2       com.google.gson.stream.JsonWriter::openScope (19 bytes)
Event: 16.849 Thread 0x000001b60a877260 10722       2       com.google.gson.stream.JsonWriter::closeScope (95 bytes)
Event: 16.850 Thread 0x000001b5c5cd21f0 10723  s    2       jdk.internal.ref.Cleaner::remove (89 bytes)
Event: 16.850 Thread 0x000001b6083e0310 nmethod 10721 0x000001b5b607d410 code [0x000001b5b607d5e0, 0x000001b5b607d788]
Event: 16.850 Thread 0x000001b5c5cd21f0 nmethod 10723 0x000001b5b607d890 code [0x000001b5b607da40, 0x000001b5b607dd70]
Event: 16.851 Thread 0x000001b60a877260 nmethod 10722 0x000001b5b607de90 code [0x000001b5b607e0e0, 0x000001b5b607e690]
Event: 16.852 Thread 0x000001b60a877260 10724       1       org.eclipse.core.runtime.spi.RegistryContributor::getId (5 bytes)
Event: 16.852 Thread 0x000001b60a877260 nmethod 10724 0x000001b5bc961e10 code [0x000001b5bc961fa0, 0x000001b5bc962068]
Event: 16.852 Thread 0x000001b60a877260 10725       2       java.nio.DirectByteBuffer$Deallocator::run (23 bytes)
Event: 16.852 Thread 0x000001b6083e0310 10726       2       java.util.concurrent.atomic.AtomicLong::decrementAndGet (16 bytes)
Event: 16.853 Thread 0x000001b6083e0310 nmethod 10726 0x000001b5b607e990 code [0x000001b5b607eb20, 0x000001b5b607ec40]
Event: 16.853 Thread 0x000001b60a877260 nmethod 10725 0x000001b5b607ed10 code [0x000001b5b607eee0, 0x000001b5b607f0b0]
Event: 16.856 Thread 0x000001b60a877260 10727       2       org.eclipse.core.internal.resources.MarkerInfo::getAttribute (9 bytes)
Event: 16.856 Thread 0x000001b6083e0310 10728       2       org.eclipse.core.internal.resources.MarkerAttributeMap::get (11 bytes)
Event: 16.856 Thread 0x000001b5c5cd21f0 10729       2       org.eclipse.core.internal.resources.MarkerAttributeMap::getMap (11 bytes)
Event: 16.857 Thread 0x000001b5c5cd21f0 nmethod 10729 0x000001b5b607f210 code [0x000001b5b607f3c0, 0x000001b5b607f528]
Event: 16.857 Thread 0x000001b60a877260 nmethod 10727 0x000001b5b607f610 code [0x000001b5b607f7c0, 0x000001b5b607f958]
Event: 16.857 Thread 0x000001b6083e0310 nmethod 10728 0x000001b5b607fa90 code [0x000001b5b607fc40, 0x000001b5b607fdd8]

GC Heap History (20 events):
Event: 16.431 GC heap after
{Heap after GC invocations=83 (full 3):
 PSYoungGen      total 8192K, used 1508K [0x00000000eab00000, 0x00000000ebb00000, 0x0000000100000000)
  eden space 6656K, 0% used [0x00000000eab00000,0x00000000eab00000,0x00000000eb180000)
  from space 1536K, 98% used [0x00000000eb580000,0x00000000eb6f9078,0x00000000eb700000)
  to   space 4096K, 0% used [0x00000000eb180000,0x00000000eb180000,0x00000000eb580000)
 ParOldGen       total 162816K, used 152380K [0x00000000c0000000, 0x00000000c9f00000, 0x00000000eab00000)
  object space 162816K, 93% used [0x00000000c0000000,0x00000000c94cf208,0x00000000c9f00000)
 Metaspace       used 60029K, committed 61312K, reserved 1114112K
  class space    used 6085K, committed 6592K, reserved 1048576K
}
Event: 16.467 GC heap before
{Heap before GC invocations=84 (full 3):
 PSYoungGen      total 8192K, used 8164K [0x00000000eab00000, 0x00000000ebb00000, 0x0000000100000000)
  eden space 6656K, 100% used [0x00000000eab00000,0x00000000eb180000,0x00000000eb180000)
  from space 1536K, 98% used [0x00000000eb580000,0x00000000eb6f9078,0x00000000eb700000)
  to   space 4096K, 0% used [0x00000000eb180000,0x00000000eb180000,0x00000000eb580000)
 ParOldGen       total 162816K, used 152380K [0x00000000c0000000, 0x00000000c9f00000, 0x00000000eab00000)
  object space 162816K, 93% used [0x00000000c0000000,0x00000000c94cf208,0x00000000c9f00000)
 Metaspace       used 60113K, committed 61376K, reserved 1114112K
  class space    used 6091K, committed 6592K, reserved 1048576K
}
Event: 16.471 GC heap after
{Heap after GC invocations=84 (full 3):
 PSYoungGen      total 8704K, used 1655K [0x00000000eab00000, 0x00000000eb680000, 0x0000000100000000)
  eden space 6656K, 0% used [0x00000000eab00000,0x00000000eab00000,0x00000000eb180000)
  from space 2048K, 80% used [0x00000000eb180000,0x00000000eb31dd20,0x00000000eb380000)
  to   space 2560K, 0% used [0x00000000eb400000,0x00000000eb400000,0x00000000eb680000)
 ParOldGen       total 162816K, used 153854K [0x00000000c0000000, 0x00000000c9f00000, 0x00000000eab00000)
  object space 162816K, 94% used [0x00000000c0000000,0x00000000c963f990,0x00000000c9f00000)
 Metaspace       used 60113K, committed 61376K, reserved 1114112K
  class space    used 6091K, committed 6592K, reserved 1048576K
}
Event: 16.514 GC heap before
{Heap before GC invocations=85 (full 3):
 PSYoungGen      total 8704K, used 8300K [0x00000000eab00000, 0x00000000eb680000, 0x0000000100000000)
  eden space 6656K, 99% used [0x00000000eab00000,0x00000000eb17d390,0x00000000eb180000)
  from space 2048K, 80% used [0x00000000eb180000,0x00000000eb31dd20,0x00000000eb380000)
  to   space 2560K, 0% used [0x00000000eb400000,0x00000000eb400000,0x00000000eb680000)
 ParOldGen       total 162816K, used 153854K [0x00000000c0000000, 0x00000000c9f00000, 0x00000000eab00000)
  object space 162816K, 94% used [0x00000000c0000000,0x00000000c963f990,0x00000000c9f00000)
 Metaspace       used 60206K, committed 61504K, reserved 1114112K
  class space    used 6101K, committed 6656K, reserved 1048576K
}
Event: 16.517 GC heap after
{Heap after GC invocations=85 (full 3):
 PSYoungGen      total 8704K, used 1593K [0x00000000eab00000, 0x00000000eb600000, 0x0000000100000000)
  eden space 6656K, 0% used [0x00000000eab00000,0x00000000eab00000,0x00000000eb180000)
  from space 2048K, 77% used [0x00000000eb400000,0x00000000eb58e6c0,0x00000000eb600000)
  to   space 2048K, 0% used [0x00000000eb180000,0x00000000eb180000,0x00000000eb380000)
 ParOldGen       total 162816K, used 155328K [0x00000000c0000000, 0x00000000c9f00000, 0x00000000eab00000)
  object space 162816K, 95% used [0x00000000c0000000,0x00000000c97b03f8,0x00000000c9f00000)
 Metaspace       used 60206K, committed 61504K, reserved 1114112K
  class space    used 6101K, committed 6656K, reserved 1048576K
}
Event: 16.556 GC heap before
{Heap before GC invocations=86 (full 3):
 PSYoungGen      total 8704K, used 8249K [0x00000000eab00000, 0x00000000eb600000, 0x0000000100000000)
  eden space 6656K, 100% used [0x00000000eab00000,0x00000000eb180000,0x00000000eb180000)
  from space 2048K, 77% used [0x00000000eb400000,0x00000000eb58e6c0,0x00000000eb600000)
  to   space 2048K, 0% used [0x00000000eb180000,0x00000000eb180000,0x00000000eb380000)
 ParOldGen       total 162816K, used 155328K [0x00000000c0000000, 0x00000000c9f00000, 0x00000000eab00000)
  object space 162816K, 95% used [0x00000000c0000000,0x00000000c97b03f8,0x00000000c9f00000)
 Metaspace       used 60543K, committed 61824K, reserved 1114112K
  class space    used 6131K, committed 6656K, reserved 1048576K
}
Event: 16.558 GC heap after
{Heap after GC invocations=86 (full 3):
 PSYoungGen      total 8704K, used 1640K [0x00000000eab00000, 0x00000000eb580000, 0x0000000100000000)
  eden space 6656K, 0% used [0x00000000eab00000,0x00000000eab00000,0x00000000eb180000)
  from space 2048K, 80% used [0x00000000eb180000,0x00000000eb31a3e8,0x00000000eb380000)
  to   space 2048K, 0% used [0x00000000eb380000,0x00000000eb380000,0x00000000eb580000)
 ParOldGen       total 162816K, used 156752K [0x00000000c0000000, 0x00000000c9f00000, 0x00000000eab00000)
  object space 162816K, 96% used [0x00000000c0000000,0x00000000c99142a8,0x00000000c9f00000)
 Metaspace       used 60543K, committed 61824K, reserved 1114112K
  class space    used 6131K, committed 6656K, reserved 1048576K
}
Event: 16.601 GC heap before
{Heap before GC invocations=87 (full 3):
 PSYoungGen      total 8704K, used 8296K [0x00000000eab00000, 0x00000000eb580000, 0x0000000100000000)
  eden space 6656K, 100% used [0x00000000eab00000,0x00000000eb180000,0x00000000eb180000)
  from space 2048K, 80% used [0x00000000eb180000,0x00000000eb31a3e8,0x00000000eb380000)
  to   space 2048K, 0% used [0x00000000eb380000,0x00000000eb380000,0x00000000eb580000)
 ParOldGen       total 162816K, used 156752K [0x00000000c0000000, 0x00000000c9f00000, 0x00000000eab00000)
  object space 162816K, 96% used [0x00000000c0000000,0x00000000c99142a8,0x00000000c9f00000)
 Metaspace       used 60606K, committed 61888K, reserved 1114112K
  class space    used 6133K, committed 6656K, reserved 1048576K
}
Event: 16.604 GC heap after
{Heap after GC invocations=87 (full 3):
 PSYoungGen      total 8704K, used 1871K [0x00000000eab00000, 0x00000000eb580000, 0x0000000100000000)
  eden space 6656K, 0% used [0x00000000eab00000,0x00000000eab00000,0x00000000eb180000)
  from space 2048K, 91% used [0x00000000eb380000,0x00000000eb553c70,0x00000000eb580000)
  to   space 2048K, 0% used [0x00000000eb180000,0x00000000eb180000,0x00000000eb380000)
 ParOldGen       total 162816K, used 158056K [0x00000000c0000000, 0x00000000c9f00000, 0x00000000eab00000)
  object space 162816K, 97% used [0x00000000c0000000,0x00000000c9a5a3e8,0x00000000c9f00000)
 Metaspace       used 60606K, committed 61888K, reserved 1114112K
  class space    used 6133K, committed 6656K, reserved 1048576K
}
Event: 16.644 GC heap before
{Heap before GC invocations=88 (full 3):
 PSYoungGen      total 8704K, used 8527K [0x00000000eab00000, 0x00000000eb580000, 0x0000000100000000)
  eden space 6656K, 100% used [0x00000000eab00000,0x00000000eb180000,0x00000000eb180000)
  from space 2048K, 91% used [0x00000000eb380000,0x00000000eb553c70,0x00000000eb580000)
  to   space 2048K, 0% used [0x00000000eb180000,0x00000000eb180000,0x00000000eb380000)
 ParOldGen       total 162816K, used 158056K [0x00000000c0000000, 0x00000000c9f00000, 0x00000000eab00000)
  object space 162816K, 97% used [0x00000000c0000000,0x00000000c9a5a3e8,0x00000000c9f00000)
 Metaspace       used 60687K, committed 62016K, reserved 1114112K
  class space    used 6142K, committed 6720K, reserved 1048576K
}
Event: 16.647 GC heap after
{Heap after GC invocations=88 (full 3):
 PSYoungGen      total 8704K, used 1764K [0x00000000eab00000, 0x00000000eb580000, 0x0000000100000000)
  eden space 6656K, 0% used [0x00000000eab00000,0x00000000eab00000,0x00000000eb180000)
  from space 2048K, 86% used [0x00000000eb180000,0x00000000eb339330,0x00000000eb380000)
  to   space 2048K, 0% used [0x00000000eb380000,0x00000000eb380000,0x00000000eb580000)
 ParOldGen       total 162816K, used 159659K [0x00000000c0000000, 0x00000000c9f00000, 0x00000000eab00000)
  object space 162816K, 98% used [0x00000000c0000000,0x00000000c9beac58,0x00000000c9f00000)
 Metaspace       used 60687K, committed 62016K, reserved 1114112K
  class space    used 6142K, committed 6720K, reserved 1048576K
}
Event: 16.680 GC heap before
{Heap before GC invocations=89 (full 3):
 PSYoungGen      total 8704K, used 8420K [0x00000000eab00000, 0x00000000eb580000, 0x0000000100000000)
  eden space 6656K, 100% used [0x00000000eab00000,0x00000000eb180000,0x00000000eb180000)
  from space 2048K, 86% used [0x00000000eb180000,0x00000000eb339330,0x00000000eb380000)
  to   space 2048K, 0% used [0x00000000eb380000,0x00000000eb380000,0x00000000eb580000)
 ParOldGen       total 162816K, used 159659K [0x00000000c0000000, 0x00000000c9f00000, 0x00000000eab00000)
  object space 162816K, 98% used [0x00000000c0000000,0x00000000c9beac58,0x00000000c9f00000)
 Metaspace       used 60938K, committed 62272K, reserved 1114112K
  class space    used 6168K, committed 6720K, reserved 1048576K
}
Event: 16.683 GC heap after
{Heap after GC invocations=89 (full 3):
 PSYoungGen      total 8704K, used 1430K [0x00000000eab00000, 0x00000000eb580000, 0x0000000100000000)
  eden space 6656K, 0% used [0x00000000eab00000,0x00000000eab00000,0x00000000eb180000)
  from space 2048K, 69% used [0x00000000eb380000,0x00000000eb4e5b98,0x00000000eb580000)
  to   space 2048K, 0% used [0x00000000eb180000,0x00000000eb180000,0x00000000eb380000)
 ParOldGen       total 162816K, used 161102K [0x00000000c0000000, 0x00000000c9f00000, 0x00000000eab00000)
  object space 162816K, 98% used [0x00000000c0000000,0x00000000c9d53a50,0x00000000c9f00000)
 Metaspace       used 60938K, committed 62272K, reserved 1114112K
  class space    used 6168K, committed 6720K, reserved 1048576K
}
Event: 16.742 GC heap before
{Heap before GC invocations=90 (full 3):
 PSYoungGen      total 8704K, used 8083K [0x00000000eab00000, 0x00000000eb580000, 0x0000000100000000)
  eden space 6656K, 99% used [0x00000000eab00000,0x00000000eb17f2f8,0x00000000eb180000)
  from space 2048K, 69% used [0x00000000eb380000,0x00000000eb4e5b98,0x00000000eb580000)
  to   space 2048K, 0% used [0x00000000eb180000,0x00000000eb180000,0x00000000eb380000)
 ParOldGen       total 162816K, used 161102K [0x00000000c0000000, 0x00000000c9f00000, 0x00000000eab00000)
  object space 162816K, 98% used [0x00000000c0000000,0x00000000c9d53a50,0x00000000c9f00000)
 Metaspace       used 61425K, committed 62720K, reserved 1114112K
  class space    used 6214K, committed 6720K, reserved 1048576K
}
Event: 16.745 GC heap after
{Heap after GC invocations=90 (full 3):
 PSYoungGen      total 8192K, used 1279K [0x00000000eab00000, 0x00000000eb480000, 0x0000000100000000)
  eden space 6656K, 0% used [0x00000000eab00000,0x00000000eab00000,0x00000000eb180000)
  from space 1536K, 83% used [0x00000000eb180000,0x00000000eb2bfed0,0x00000000eb300000)
  to   space 1536K, 0% used [0x00000000eb300000,0x00000000eb300000,0x00000000eb480000)
 ParOldGen       total 162816K, used 162233K [0x00000000c0000000, 0x00000000c9f00000, 0x00000000eab00000)
  object space 162816K, 99% used [0x00000000c0000000,0x00000000c9e6e500,0x00000000c9f00000)
 Metaspace       used 61425K, committed 62720K, reserved 1114112K
  class space    used 6214K, committed 6720K, reserved 1048576K
}
Event: 16.814 GC heap before
{Heap before GC invocations=91 (full 3):
 PSYoungGen      total 8192K, used 7935K [0x00000000eab00000, 0x00000000eb480000, 0x0000000100000000)
  eden space 6656K, 100% used [0x00000000eab00000,0x00000000eb180000,0x00000000eb180000)
  from space 1536K, 83% used [0x00000000eb180000,0x00000000eb2bfed0,0x00000000eb300000)
  to   space 1536K, 0% used [0x00000000eb300000,0x00000000eb300000,0x00000000eb480000)
 ParOldGen       total 162816K, used 162233K [0x00000000c0000000, 0x00000000c9f00000, 0x00000000eab00000)
  object space 162816K, 99% used [0x00000000c0000000,0x00000000c9e6e500,0x00000000c9f00000)
 Metaspace       used 61755K, committed 63040K, reserved 1114112K
  class space    used 6254K, committed 6784K, reserved 1048576K
}
Event: 16.816 GC heap after
{Heap after GC invocations=91 (full 3):
 PSYoungGen      total 8192K, used 1074K [0x00000000eab00000, 0x00000000eb480000, 0x0000000100000000)
  eden space 6656K, 0% used [0x00000000eab00000,0x00000000eab00000,0x00000000eb180000)
  from space 1536K, 69% used [0x00000000eb300000,0x00000000eb40c9a0,0x00000000eb480000)
  to   space 1536K, 0% used [0x00000000eb180000,0x00000000eb180000,0x00000000eb300000)
 ParOldGen       total 163328K, used 163147K [0x00000000c0000000, 0x00000000c9f80000, 0x00000000eab00000)
  object space 163328K, 99% used [0x00000000c0000000,0x00000000c9f52d78,0x00000000c9f80000)
 Metaspace       used 61755K, committed 63040K, reserved 1114112K
  class space    used 6254K, committed 6784K, reserved 1048576K
}
Event: 16.882 GC heap before
{Heap before GC invocations=92 (full 3):
 PSYoungGen      total 8192K, used 7730K [0x00000000eab00000, 0x00000000eb480000, 0x0000000100000000)
  eden space 6656K, 100% used [0x00000000eab00000,0x00000000eb180000,0x00000000eb180000)
  from space 1536K, 69% used [0x00000000eb300000,0x00000000eb40c9a0,0x00000000eb480000)
  to   space 1536K, 0% used [0x00000000eb180000,0x00000000eb180000,0x00000000eb300000)
 ParOldGen       total 163328K, used 163147K [0x00000000c0000000, 0x00000000c9f80000, 0x00000000eab00000)
  object space 163328K, 99% used [0x00000000c0000000,0x00000000c9f52d78,0x00000000c9f80000)
 Metaspace       used 61834K, committed 63104K, reserved 1114112K
  class space    used 6265K, committed 6784K, reserved 1048576K
}
Event: 16.885 GC heap after
{Heap after GC invocations=92 (full 3):
 PSYoungGen      total 8192K, used 7730K [0x00000000eab00000, 0x00000000eb480000, 0x0000000100000000)
  eden space 6656K, 100% used [0x00000000eab00000,0x00000000eb180000,0x00000000eb180000)
  from space 1536K, 69% used [0x00000000eb300000,0x00000000eb40c9a0,0x00000000eb480000)
  to   space 1536K, 99% used [0x00000000eb180000,0x00000000eb2ff6b0,0x00000000eb300000)
 ParOldGen       total 164352K, used 164062K [0x00000000c0000000, 0x00000000ca080000, 0x00000000eab00000)
  object space 164352K, 99% used [0x00000000c0000000,0x00000000ca037a48,0x00000000ca080000)
 Metaspace       used 61834K, committed 63104K, reserved 1114112K
  class space    used 6265K, committed 6784K, reserved 1048576K
}
Event: 16.885 GC heap before
{Heap before GC invocations=93 (full 4):
 PSYoungGen      total 8192K, used 7730K [0x00000000eab00000, 0x00000000eb480000, 0x0000000100000000)
  eden space 6656K, 100% used [0x00000000eab00000,0x00000000eb180000,0x00000000eb180000)
  from space 1536K, 69% used [0x00000000eb300000,0x00000000eb40c9a0,0x00000000eb480000)
  to   space 1536K, 99% used [0x00000000eb180000,0x00000000eb2ff6b0,0x00000000eb300000)
 ParOldGen       total 164352K, used 164062K [0x00000000c0000000, 0x00000000ca080000, 0x00000000eab00000)
  object space 164352K, 99% used [0x00000000c0000000,0x00000000ca037a48,0x00000000ca080000)
 Metaspace       used 61834K, committed 63104K, reserved 1114112K
  class space    used 6265K, committed 6784K, reserved 1048576K
}

Dll operation events (10 events):
Event: 0.016 Loaded shared library c:\Users\shrut\.vscode\extensions\redhat.java-1.39.0-win32-x64\jre\21.0.5-win32-x86_64\bin\java.dll
Event: 0.154 Loaded shared library c:\Users\shrut\.vscode\extensions\redhat.java-1.39.0-win32-x64\jre\21.0.5-win32-x86_64\bin\zip.dll
Event: 0.193 Loaded shared library C:\Users\shrut\.vscode\extensions\redhat.java-1.39.0-win32-x64\jre\21.0.5-win32-x86_64\bin\instrument.dll
Event: 0.202 Loaded shared library C:\Users\shrut\.vscode\extensions\redhat.java-1.39.0-win32-x64\jre\21.0.5-win32-x86_64\bin\net.dll
Event: 0.208 Loaded shared library C:\Users\shrut\.vscode\extensions\redhat.java-1.39.0-win32-x64\jre\21.0.5-win32-x86_64\bin\nio.dll
Event: 0.215 Loaded shared library C:\Users\shrut\.vscode\extensions\redhat.java-1.39.0-win32-x64\jre\21.0.5-win32-x86_64\bin\zip.dll
Event: 0.251 Loaded shared library C:\Users\shrut\.vscode\extensions\redhat.java-1.39.0-win32-x64\jre\21.0.5-win32-x86_64\bin\jimage.dll
Event: 0.395 Loaded shared library c:\Users\shrut\.vscode\extensions\redhat.java-1.39.0-win32-x64\jre\21.0.5-win32-x86_64\bin\verify.dll
Event: 2.274 Loaded shared library C:\Users\shrut\AppData\Roaming\Code\User\globalStorage\redhat.java\1.39.0\config_win\org.eclipse.equinox.launcher\org.eclipse.equinox.launcher.win32.win32.x86_64_1.2.1100.v20240722-2106\eclipse_11904.dll
Event: 4.803 Loaded shared library C:\Users\shrut\AppData\Local\Temp\jna-95563663\jna6732870058569628383.dll

Deoptimization events (20 events):
Event: 16.733 Thread 0x000001b6105eb8f0 Uncommon trap: trap_request=0xffffff45 fr.pc=0x000001b5bc887624 relative=0x0000000000001224
Event: 16.733 Thread 0x000001b6105eb8f0 Uncommon trap: reason=unstable_if action=reinterpret pc=0x000001b5bc887624 method=org.eclipse.jdt.internal.core.util.Util.splitOn(CLjava/lang/String;II)[Ljava/lang/String; @ 16 c2
Event: 16.733 Thread 0x000001b6105eb8f0 DEOPT PACKING pc=0x000001b5bc887624 sp=0x00000025757fec20
Event: 16.733 Thread 0x000001b6105eb8f0 DEOPT UNPACKING pc=0x000001b5bbf83aa2 sp=0x00000025757fec10 mode 2
Event: 16.752 Thread 0x000001b6105eb8f0 DEOPT PACKING pc=0x000001b5b586c71a sp=0x00000025757fe680
Event: 16.752 Thread 0x000001b6105eb8f0 DEOPT UNPACKING pc=0x000001b5bbf84242 sp=0x00000025757fdc08 mode 0
Event: 16.769 Thread 0x000001b6105eb8f0 DEOPT PACKING pc=0x000001b5b586c71a sp=0x00000025757fe700
Event: 16.769 Thread 0x000001b6105eb8f0 DEOPT UNPACKING pc=0x000001b5bbf84242 sp=0x00000025757fdc88 mode 0
Event: 16.798 Thread 0x000001b61b0ef350 Uncommon trap: trap_request=0xffffff6e fr.pc=0x000001b5bc6b85d8 relative=0x0000000000000138
Event: 16.798 Thread 0x000001b61b0ef350 Uncommon trap: reason=loop_limit_check action=maybe_recompile pc=0x000001b5bc6b85d8 method=java.lang.StringLatin1.lastIndexOf([BII)I @ 19 c2
Event: 16.798 Thread 0x000001b61b0ef350 DEOPT PACKING pc=0x000001b5bc6b85d8 sp=0x000000257a7fe3f0
Event: 16.798 Thread 0x000001b61b0ef350 DEOPT UNPACKING pc=0x000001b5bbf83aa2 sp=0x000000257a7fe370 mode 2
Event: 16.802 Thread 0x000001b61b0ef350 DEOPT PACKING pc=0x000001b5b4e31446 sp=0x000000257a7fdc30
Event: 16.802 Thread 0x000001b61b0ef350 DEOPT UNPACKING pc=0x000001b5bbf84242 sp=0x000000257a7fd1b0 mode 0
Event: 16.818 Thread 0x000001b610e3edd0 DEOPT PACKING pc=0x000001b5b586c71a sp=0x000000257a2fda60
Event: 16.818 Thread 0x000001b610e3edd0 DEOPT UNPACKING pc=0x000001b5bbf84242 sp=0x000000257a2fcfe8 mode 0
Event: 16.824 Thread 0x000001b610e3edd0 DEOPT PACKING pc=0x000001b5b4b02753 sp=0x000000257a2fe130
Event: 16.824 Thread 0x000001b610e3edd0 DEOPT UNPACKING pc=0x000001b5bbf84242 sp=0x000000257a2fd638 mode 3
Event: 16.836 Thread 0x000001b60f501f60 DEOPT PACKING pc=0x000001b5b586c71a sp=0x00000025754fe430
Event: 16.836 Thread 0x000001b60f501f60 DEOPT UNPACKING pc=0x000001b5bbf84242 sp=0x00000025754fd9b8 mode 0

Classes loaded (20 events):
Event: 16.281 Loading class java/nio/charset/CharacterCodingException
Event: 16.282 Loading class java/nio/charset/CharacterCodingException done
Event: 16.282 Loading class java/io/SequenceInputStream
Event: 16.282 Loading class java/io/SequenceInputStream done
Event: 16.657 Loading class java/util/concurrent/CompletableFuture$UniApply
Event: 16.658 Loading class java/util/concurrent/CompletableFuture$UniCompletion
Event: 16.658 Loading class java/util/concurrent/CompletableFuture$UniCompletion done
Event: 16.658 Loading class java/util/concurrent/CompletableFuture$UniApply done
Event: 16.658 Loading class java/util/concurrent/CompletableFuture$UniAccept
Event: 16.658 Loading class java/util/concurrent/CompletableFuture$UniAccept done
Event: 16.659 Loading class java/util/concurrent/CompletableFuture$UniExceptionally
Event: 16.659 Loading class java/util/concurrent/CompletableFuture$UniExceptionally done
Event: 16.693 Loading class java/util/Hashtable$KeySet
Event: 16.693 Loading class java/util/Hashtable$KeySet done
Event: 16.853 Loading class java/util/stream/ReduceOps$5
Event: 16.854 Loading class java/util/stream/ReduceOps$5 done
Event: 16.854 Loading class java/util/stream/ReduceOps$CountingSink$OfRef
Event: 16.854 Loading class java/util/stream/ReduceOps$CountingSink
Event: 16.855 Loading class java/util/stream/ReduceOps$CountingSink done
Event: 16.855 Loading class java/util/stream/ReduceOps$CountingSink$OfRef done

Classes unloaded (7 events):
Event: 5.849 Thread 0x000001b5c5cc4ae0 Unloading class 0x000001b5c71a1400 'java/lang/invoke/LambdaForm$MH+0x000001b5c71a1400'
Event: 5.849 Thread 0x000001b5c5cc4ae0 Unloading class 0x000001b5c71a1000 'java/lang/invoke/LambdaForm$MH+0x000001b5c71a1000'
Event: 5.849 Thread 0x000001b5c5cc4ae0 Unloading class 0x000001b5c71a0c00 'java/lang/invoke/LambdaForm$MH+0x000001b5c71a0c00'
Event: 5.849 Thread 0x000001b5c5cc4ae0 Unloading class 0x000001b5c71a0800 'java/lang/invoke/LambdaForm$MH+0x000001b5c71a0800'
Event: 5.849 Thread 0x000001b5c5cc4ae0 Unloading class 0x000001b5c71a0400 'java/lang/invoke/LambdaForm$BMH+0x000001b5c71a0400'
Event: 5.849 Thread 0x000001b5c5cc4ae0 Unloading class 0x000001b5c71a0000 'java/lang/invoke/LambdaForm$DMH+0x000001b5c71a0000'
Event: 5.849 Thread 0x000001b5c5cc4ae0 Unloading class 0x000001b5c719ec00 'java/lang/invoke/LambdaForm$DMH+0x000001b5c719ec00'

Classes redefined (0 events):
No events

Internal exceptions (20 events):
Event: 16.750 Thread 0x000001b6105eb8f0 Exception <a 'sun/nio/fs/WindowsException'{0x00000000eab75db0}> (0x00000000eab75db0) 
thrown [s\src\hotspot\share\prims\jni.cpp, line 520]
Event: 16.751 Thread 0x000001b6105eb8f0 Exception <a 'sun/nio/fs/WindowsException'{0x00000000eab77118}> (0x00000000eab77118) 
thrown [s\src\hotspot\share\prims\jni.cpp, line 520]
Event: 16.751 Thread 0x000001b6105eb8f0 Exception <a 'sun/nio/fs/WindowsException'{0x00000000eab77748}> (0x00000000eab77748) 
thrown [s\src\hotspot\share\prims\jni.cpp, line 520]
Event: 16.765 Thread 0x000001b6105eb8f0 Exception <a 'sun/nio/fs/WindowsException'{0x00000000ead25090}> (0x00000000ead25090) 
thrown [s\src\hotspot\share\prims\jni.cpp, line 520]
Event: 16.765 Thread 0x000001b6105eb8f0 Exception <a 'sun/nio/fs/WindowsException'{0x00000000ead256c0}> (0x00000000ead256c0) 
thrown [s\src\hotspot\share\prims\jni.cpp, line 520]
Event: 16.766 Thread 0x000001b6105eb8f0 Exception <a 'sun/nio/fs/WindowsException'{0x00000000ead66bf8}> (0x00000000ead66bf8) 
thrown [s\src\hotspot\share\prims\jni.cpp, line 520]
Event: 16.766 Thread 0x000001b6105eb8f0 Exception <a 'sun/nio/fs/WindowsException'{0x00000000ead67228}> (0x00000000ead67228) 
thrown [s\src\hotspot\share\prims\jni.cpp, line 520]
Event: 16.767 Thread 0x000001b6105eb8f0 Exception <a 'sun/nio/fs/WindowsException'{0x00000000ead68590}> (0x00000000ead68590) 
thrown [s\src\hotspot\share\prims\jni.cpp, line 520]
Event: 16.767 Thread 0x000001b6105eb8f0 Exception <a 'sun/nio/fs/WindowsException'{0x00000000ead68bc0}> (0x00000000ead68bc0) 
thrown [s\src\hotspot\share\prims\jni.cpp, line 520]
Event: 16.775 Thread 0x000001b610391ba0 Exception <a 'java/lang/IncompatibleClassChangeError'{0x00000000eae75ed0}: Found class java.lang.Object, but interface was expected> (0x00000000eae75ed0) 
thrown [s\src\hotspot\share\interpreter\linkResolver.cpp, line 840]
Event: 16.793 Thread 0x000001b60f503310 Exception <a 'sun/nio/fs/WindowsException'{0x00000000eb070a60}> (0x00000000eb070a60) 
thrown [s\src\hotspot\share\prims\jni.cpp, line 520]
Event: 16.794 Thread 0x000001b60f503310 Exception <a 'sun/nio/fs/WindowsException'{0x00000000eb070e18}> (0x00000000eb070e18) 
thrown [s\src\hotspot\share\prims\jni.cpp, line 520]
Event: 16.810 Thread 0x000001b610e3edd0 Exception <a 'sun/nio/fs/WindowsException'{0x00000000eb127538}> (0x00000000eb127538) 
thrown [s\src\hotspot\share\prims\jni.cpp, line 520]
Event: 16.810 Thread 0x000001b610e3edd0 Exception <a 'sun/nio/fs/WindowsException'{0x00000000eb127e38}> (0x00000000eb127e38) 
thrown [s\src\hotspot\share\prims\jni.cpp, line 520]
Event: 16.811 Thread 0x000001b610e3edd0 Exception <a 'sun/nio/fs/WindowsException'{0x00000000eb131590}> (0x00000000eb131590) 
thrown [s\src\hotspot\share\prims\jni.cpp, line 520]
Event: 16.811 Thread 0x000001b610e3edd0 Exception <a 'sun/nio/fs/WindowsException'{0x00000000eb131e70}> (0x00000000eb131e70) 
thrown [s\src\hotspot\share\prims\jni.cpp, line 520]
Event: 16.813 Thread 0x000001b610e3edd0 Exception <a 'sun/nio/fs/WindowsException'{0x00000000eb133538}> (0x00000000eb133538) 
thrown [s\src\hotspot\share\prims\jni.cpp, line 520]
Event: 16.816 Thread 0x000001b610e3edd0 Exception <a 'sun/nio/fs/WindowsException'{0x00000000eab02378}> (0x00000000eab02378) 
thrown [s\src\hotspot\share\prims\jni.cpp, line 520]
Event: 16.857 Thread 0x000001b6105eb8f0 Exception <a 'sun/nio/fs/WindowsException'{0x00000000eae5e3f8}> (0x00000000eae5e3f8) 
thrown [s\src\hotspot\share\prims\jni.cpp, line 520]
Event: 16.857 Thread 0x000001b6105eb8f0 Exception <a 'sun/nio/fs/WindowsException'{0x00000000eae5ea28}> (0x00000000eae5ea28) 
thrown [s\src\hotspot\share\prims\jni.cpp, line 520]

ZGC Phase Switch (0 events):
No events

VM Operations (20 events):
Event: 16.431 Executing VM operation: ParallelGCFailedAllocation (Allocation Failure) done
Event: 16.467 Executing VM operation: ParallelGCFailedAllocation (Allocation Failure)
Event: 16.471 Executing VM operation: ParallelGCFailedAllocation (Allocation Failure) done
Event: 16.514 Executing VM operation: ParallelGCFailedAllocation (Allocation Failure)
Event: 16.517 Executing VM operation: ParallelGCFailedAllocation (Allocation Failure) done
Event: 16.556 Executing VM operation: ParallelGCFailedAllocation (Allocation Failure)
Event: 16.558 Executing VM operation: ParallelGCFailedAllocation (Allocation Failure) done
Event: 16.601 Executing VM operation: ParallelGCFailedAllocation (Allocation Failure)
Event: 16.604 Executing VM operation: ParallelGCFailedAllocation (Allocation Failure) done
Event: 16.644 Executing VM operation: ParallelGCFailedAllocation (Allocation Failure)
Event: 16.647 Executing VM operation: ParallelGCFailedAllocation (Allocation Failure) done
Event: 16.680 Executing VM operation: ParallelGCFailedAllocation (Allocation Failure)
Event: 16.683 Executing VM operation: ParallelGCFailedAllocation (Allocation Failure) done
Event: 16.737 Executing VM operation: ParallelGCFailedAllocation (Allocation Failure)
Event: 16.745 Executing VM operation: ParallelGCFailedAllocation (Allocation Failure) done
Event: 16.814 Executing VM operation: ParallelGCFailedAllocation (Allocation Failure)
Event: 16.816 Executing VM operation: ParallelGCFailedAllocation (Allocation Failure) done
Event: 16.824 Executing VM operation: HandshakeAllThreads (Deoptimize)
Event: 16.824 Executing VM operation: HandshakeAllThreads (Deoptimize) done
Event: 16.882 Executing VM operation: ParallelGCFailedAllocation (Allocation Failure)

Memory protections (0 events):
No events

Nmethod flushes (20 events):
Event: 16.953 Thread 0x000001b5c5cc4ae0 flushing  nmethod 0x000001b5b5f66a10
Event: 16.953 Thread 0x000001b5c5cc4ae0 flushing  nmethod 0x000001b5b5f66e10
Event: 16.953 Thread 0x000001b5c5cc4ae0 flushing  nmethod 0x000001b5b5f6ae90
Event: 16.953 Thread 0x000001b5c5cc4ae0 flushing  nmethod 0x000001b5b5f6b710
Event: 16.953 Thread 0x000001b5c5cc4ae0 flushing  nmethod 0x000001b5b5f6d490
Event: 16.953 Thread 0x000001b5c5cc4ae0 flushing  nmethod 0x000001b5b5f70e10
Event: 16.953 Thread 0x000001b5c5cc4ae0 flushing  nmethod 0x000001b5b5f71510
Event: 16.953 Thread 0x000001b5c5cc4ae0 flushing  nmethod 0x000001b5b5f71990
Event: 16.953 Thread 0x000001b5c5cc4ae0 flushing  nmethod 0x000001b5b5f72f90
Event: 16.953 Thread 0x000001b5c5cc4ae0 flushing  nmethod 0x000001b5b5f73390
Event: 16.953 Thread 0x000001b5c5cc4ae0 flushing  nmethod 0x000001b5b5f73890
Event: 16.953 Thread 0x000001b5c5cc4ae0 flushing  nmethod 0x000001b5b5f73d90
Event: 16.953 Thread 0x000001b5c5cc4ae0 flushing  nmethod 0x000001b5b5f74390
Event: 16.953 Thread 0x000001b5c5cc4ae0 flushing  nmethod 0x000001b5b5f84390
Event: 16.953 Thread 0x000001b5c5cc4ae0 flushing  nmethod 0x000001b5b5fba190
Event: 16.953 Thread 0x000001b5c5cc4ae0 flushing  nmethod 0x000001b5b5fbaa90
Event: 16.953 Thread 0x000001b5c5cc4ae0 flushing  nmethod 0x000001b5b5fcd090
Event: 16.953 Thread 0x000001b5c5cc4ae0 flushing  nmethod 0x000001b5b5fcf610
Event: 16.953 Thread 0x000001b5c5cc4ae0 flushing  nmethod 0x000001b5b5fd2d10
Event: 16.953 Thread 0x000001b5c5cc4ae0 flushing  nmethod 0x000001b5b5fe9090

Events (20 events):
Event: 12.981 Thread 0x000001b6105ea540 Thread added: 0x000001b610b677d0
Event: 12.981 Thread 0x000001b6105ea540 Thread added: 0x000001b610b66420
Event: 12.981 Thread 0x000001b6105ea540 Thread added: 0x000001b610b649e0
Event: 12.981 Thread 0x000001b6105ea540 Thread added: 0x000001b610b65700
Event: 12.991 Thread 0x000001b6105ea540 Thread added: 0x000001b610b64350
Event: 13.004 Thread 0x000001b6105ea540 Thread added: 0x000001b610b65070
Event: 13.013 Thread 0x000001b6105ea540 Thread added: 0x000001b610b65d90
Event: 13.016 Thread 0x000001b6105ea540 Thread added: 0x000001b610b66ab0
Event: 13.019 Thread 0x000001b6105ea540 Thread added: 0x000001b610b67140
Event: 13.023 Thread 0x000001b6105ea540 Thread added: 0x000001b610e3f460
Event: 16.398 Thread 0x000001b610391ba0 Thread added: 0x000001b610e3faf0
Event: 16.663 Thread 0x000001b610391ba0 Thread added: 0x000001b610e3d390
Event: 16.774 Thread 0x000001b610391ba0 Thread added: 0x000001b610e40810
Event: 16.776 Thread 0x000001b610391ba0 Thread added: 0x000001b610e3da20
Event: 16.777 Thread 0x000001b610391ba0 Thread added: 0x000001b610e3edd0
Event: 16.777 Thread 0x000001b610391ba0 Thread added: 0x000001b610e3e0b0
Event: 16.778 Thread 0x000001b610e3e0b0 Thread added: 0x000001b610e3e740
Event: 16.778 Thread 0x000001b610e3e740 Thread added: 0x000001b610e40180
Event: 16.786 Thread 0x000001b610391ba0 Thread added: 0x000001b61b0f27d0
Event: 16.791 Thread 0x000001b610391ba0 Thread added: 0x000001b61b0ef350


Dynamic libraries:
0x00007ff655a20000 - 0x00007ff655a2e000 	c:\Users\shrut\.vscode\extensions\redhat.java-1.39.0-win32-x64\jre\21.0.5-win32-x86_64\bin\java.exe
0x00007ffe08850000 - 0x00007ffe08a67000 	C:\Windows\SYSTEM32\ntdll.dll
0x00007ffe07100000 - 0x00007ffe071c4000 	C:\Windows\System32\KERNEL32.DLL
0x00007ffe06010000 - 0x00007ffe063ca000 	C:\Windows\System32\KERNELBASE.dll
0x00007ffe05d50000 - 0x00007ffe05e61000 	C:\Windows\System32\ucrtbase.dll
0x00007ffdf4c00000 - 0x00007ffdf4c1e000 	c:\Users\shrut\.vscode\extensions\redhat.java-1.39.0-win32-x64\jre\21.0.5-win32-x86_64\bin\VCRUNTIME140.dll
0x00007ffdfc9a0000 - 0x00007ffdfc9b8000 	c:\Users\shrut\.vscode\extensions\redhat.java-1.39.0-win32-x64\jre\21.0.5-win32-x86_64\bin\jli.dll
0x00007ffe08280000 - 0x00007ffe0842e000 	C:\Windows\System32\USER32.dll
0x00007ffe05b10000 - 0x00007ffe05b36000 	C:\Windows\System32\win32u.dll
0x00007ffe070d0000 - 0x00007ffe070f9000 	C:\Windows\System32\GDI32.dll
0x00007ffdfbdf0000 - 0x00007ffdfc082000 	C:\Windows\WinSxS\amd64_microsoft.windows.common-controls_6595b64144ccf1df_6.0.22621.4541_none_2710d1c57384c085\COMCTL32.dll
0x00007ffe05e70000 - 0x00007ffe05f8b000 	C:\Windows\System32\gdi32full.dll
0x00007ffe07b70000 - 0x00007ffe07c17000 	C:\Windows\System32\msvcrt.dll
0x00007ffe05c80000 - 0x00007ffe05d1a000 	C:\Windows\System32\msvcp_win.dll
0x00007ffe085f0000 - 0x00007ffe08621000 	C:\Windows\System32\IMM32.DLL
0x00007ffe02400000 - 0x00007ffe0240c000 	c:\Users\shrut\.vscode\extensions\redhat.java-1.39.0-win32-x64\jre\21.0.5-win32-x86_64\bin\vcruntime140_1.dll
0x00007ffdeb160000 - 0x00007ffdeb1ed000 	c:\Users\shrut\.vscode\extensions\redhat.java-1.39.0-win32-x64\jre\21.0.5-win32-x86_64\bin\msvcp140.dll
0x00007ffd538f0000 - 0x00007ffd5467f000 	c:\Users\shrut\.vscode\extensions\redhat.java-1.39.0-win32-x64\jre\21.0.5-win32-x86_64\bin\server\jvm.dll
0x00007ffe081a0000 - 0x00007ffe08252000 	C:\Windows\System32\ADVAPI32.dll
0x00007ffe080f0000 - 0x00007ffe08197000 	C:\Windows\System32\sechost.dll
0x00007ffe05d20000 - 0x00007ffe05d48000 	C:\Windows\System32\bcrypt.dll
0x00007ffe07c20000 - 0x00007ffe07d34000 	C:\Windows\System32\RPCRT4.dll
0x00007ffe07d60000 - 0x00007ffe07dd1000 	C:\Windows\System32\WS2_32.dll
0x00007ffe049a0000 - 0x00007ffe049ed000 	C:\Windows\SYSTEM32\POWRPROF.dll
0x00007ffdfc970000 - 0x00007ffdfc97a000 	C:\Windows\SYSTEM32\VERSION.dll
0x00007ffdff5a0000 - 0x00007ffdff5d4000 	C:\Windows\SYSTEM32\WINMM.dll
0x00007ffe04980000 - 0x00007ffe04993000 	C:\Windows\SYSTEM32\UMPDC.dll
0x00007ffe04c40000 - 0x00007ffe04c58000 	C:\Windows\SYSTEM32\kernel.appcore.dll
0x00007ffe00870000 - 0x00007ffe0087a000 	c:\Users\shrut\.vscode\extensions\redhat.java-1.39.0-win32-x64\jre\21.0.5-win32-x86_64\bin\jimage.dll
0x00007ffe030d0000 - 0x00007ffe03302000 	C:\Windows\SYSTEM32\DBGHELP.DLL
0x00007ffe077c0000 - 0x00007ffe07b51000 	C:\Windows\System32\combase.dll
0x00007ffe06e20000 - 0x00007ffe06ef7000 	C:\Windows\System32\OLEAUT32.dll
0x00007ffdf95a0000 - 0x00007ffdf95d2000 	C:\Windows\SYSTEM32\dbgcore.DLL
0x00007ffe05f90000 - 0x00007ffe0600b000 	C:\Windows\System32\bcryptPrimitives.dll
0x00007ffdff180000 - 0x00007ffdff18f000 	c:\Users\shrut\.vscode\extensions\redhat.java-1.39.0-win32-x64\jre\21.0.5-win32-x86_64\bin\instrument.dll
0x00007ffdf3d70000 - 0x00007ffdf3d8f000 	c:\Users\shrut\.vscode\extensions\redhat.java-1.39.0-win32-x64\jre\21.0.5-win32-x86_64\bin\java.dll
0x00007ffe065a0000 - 0x00007ffe06e19000 	C:\Windows\System32\SHELL32.dll
0x00007ffe03a10000 - 0x00007ffe04319000 	C:\Windows\SYSTEM32\windows.storage.dll
0x00007ffe038d0000 - 0x00007ffe03a0f000 	C:\Windows\SYSTEM32\wintypes.dll
0x00007ffe084f0000 - 0x00007ffe085ea000 	C:\Windows\System32\SHCORE.dll
0x00007ffe06540000 - 0x00007ffe0659e000 	C:\Windows\System32\shlwapi.dll
0x00007ffe05a40000 - 0x00007ffe05a6b000 	C:\Windows\SYSTEM32\profapi.dll
0x00007ffdf33e0000 - 0x00007ffdf33f8000 	c:\Users\shrut\.vscode\extensions\redhat.java-1.39.0-win32-x64\jre\21.0.5-win32-x86_64\bin\zip.dll
0x00007ffdfee00000 - 0x00007ffdfee10000 	C:\Users\shrut\.vscode\extensions\redhat.java-1.39.0-win32-x64\jre\21.0.5-win32-x86_64\bin\net.dll
0x00007ffe00fd0000 - 0x00007ffe01106000 	C:\Windows\SYSTEM32\WINHTTP.dll
0x00007ffe050c0000 - 0x00007ffe05129000 	C:\Windows\system32\mswsock.dll
0x00007ffdf33c0000 - 0x00007ffdf33d6000 	C:\Users\shrut\.vscode\extensions\redhat.java-1.39.0-win32-x64\jre\21.0.5-win32-x86_64\bin\nio.dll
0x00007ffdf4590000 - 0x00007ffdf45a0000 	c:\Users\shrut\.vscode\extensions\redhat.java-1.39.0-win32-x64\jre\21.0.5-win32-x86_64\bin\verify.dll
0x00007ffdf2d60000 - 0x00007ffdf2da5000 	C:\Users\shrut\AppData\Roaming\Code\User\globalStorage\redhat.java\1.39.0\config_win\org.eclipse.equinox.launcher\org.eclipse.equinox.launcher.win32.win32.x86_64_1.2.1100.v20240722-2106\eclipse_11904.dll
0x00007ffe07de0000 - 0x00007ffe07f85000 	C:\Windows\System32\ole32.dll
0x00007ffe05320000 - 0x00007ffe0533b000 	C:\Windows\SYSTEM32\CRYPTSP.dll
0x00007ffe04ba0000 - 0x00007ffe04bd5000 	C:\Windows\system32\rsaenh.dll
0x00007ffe051b0000 - 0x00007ffe051d8000 	C:\Windows\SYSTEM32\USERENV.dll
0x00007ffe05310000 - 0x00007ffe0531c000 	C:\Windows\SYSTEM32\CRYPTBASE.dll
0x00007ffe04600000 - 0x00007ffe0462d000 	C:\Windows\SYSTEM32\IPHLPAPI.DLL
0x00007ffe07b60000 - 0x00007ffe07b69000 	C:\Windows\System32\NSI.dll
0x00007ffdeb320000 - 0x00007ffdeb369000 	C:\Users\shrut\AppData\Local\Temp\jna-95563663\jna6732870058569628383.dll
0x00007ffe070c0000 - 0x00007ffe070c8000 	C:\Windows\System32\PSAPI.DLL
0x00007ffe00f00000 - 0x00007ffe00f19000 	C:\Windows\SYSTEM32\dhcpcsvc6.DLL
0x00007ffe00ee0000 - 0x00007ffe00eff000 	C:\Windows\SYSTEM32\dhcpcsvc.DLL

dbghelp: loaded successfully - version: 4.0.5 - missing functions: none
symbol engine: initialized successfully - sym options: 0x614 - pdb path: .;c:\Users\shrut\.vscode\extensions\redhat.java-1.39.0-win32-x64\jre\21.0.5-win32-x86_64\bin;C:\Windows\SYSTEM32;C:\Windows\WinSxS\amd64_microsoft.windows.common-controls_6595b64144ccf1df_6.0.22621.4541_none_2710d1c57384c085;c:\Users\shrut\.vscode\extensions\redhat.java-1.39.0-win32-x64\jre\21.0.5-win32-x86_64\bin\server;C:\Users\shrut\AppData\Roaming\Code\User\globalStorage\redhat.java\1.39.0\config_win\org.eclipse.equinox.launcher\org.eclipse.equinox.launcher.win32.win32.x86_64_1.2.1100.v20240722-2106;C:\Users\shrut\AppData\Local\Temp\jna-95563663

VM Arguments:
jvm_args: --add-modules=ALL-SYSTEM --add-opens=java.base/java.util=ALL-UNNAMED --add-opens=java.base/java.lang=ALL-UNNAMED --add-opens=java.base/sun.nio.fs=ALL-UNNAMED -Declipse.application=org.eclipse.jdt.ls.core.id1 -Dosgi.bundles.defaultStartLevel=4 -Declipse.product=org.eclipse.jdt.ls.core.product -Djava.import.generatesMetadataFilesAtProjectRoot=false -DDetectVMInstallationsJob.disabled=true -Dfile.encoding=utf8 -XX:+UseParallelGC -XX:GCTimeRatio=4 -XX:AdaptiveSizePolicyWeight=90 -Dsun.zip.disableMemoryMapping=true -Xmx1G -Xms100m -Xlog:disable -javaagent:c:\Users\shrut\.vscode\extensions\redhat.java-1.39.0-win32-x64\lombok\lombok-1.18.34.jar -XX:+HeapDumpOnOutOfMemoryError -XX:HeapDumpPath=c:\Users\shrut\AppData\Roaming\Code\User\workspaceStorage\13d5b289daf9dd463891c682a71bcb96\redhat.java -Daether.dependencyCollector.impl=bf 
java_command: c:\Users\shrut\.vscode\extensions\redhat.java-1.39.0-win32-x64\server\plugins\org.eclipse.equinox.launcher_1.6.900.v20240613-2009.jar -configuration c:\Users\shrut\AppData\Roaming\Code\User\globalStorage\redhat.java\1.39.0\config_win -data c:\Users\shrut\AppData\Roaming\Code\User\workspaceStorage\13d5b289daf9dd463891c682a71bcb96\redhat.java\jdt_ws --pipe=\\.\pipe\lsp-787138a7b1200c6c096f751e281408b4-sock
java_class_path (initial): c:\Users\shrut\.vscode\extensions\redhat.java-1.39.0-win32-x64\server\plugins\org.eclipse.equinox.launcher_1.6.900.v20240613-2009.jar
Launcher Type: SUN_STANDARD

[Global flags]
    uintx AdaptiveSizePolicyWeight                 = 90                                        {product} {command line}
     intx CICompilerCount                          = 12                                        {product} {ergonomic}
    uintx GCTimeRatio                              = 4                                         {product} {command line}
     bool HeapDumpOnOutOfMemoryError               = true                                   {manageable} {command line}
    ccstr HeapDumpPath                             = c:\Users\shrut\AppData\Roaming\Code\User\workspaceStorage\13d5b289daf9dd463891c682a71bcb96\redhat.java         {manageable} {command line}
   size_t InitialHeapSize                          = 104857600                                 {product} {command line}
   size_t MaxHeapSize                              = 1073741824                                {product} {command line}
   size_t MaxNewSize                               = 357564416                                 {product} {ergonomic}
   size_t MinHeapDeltaBytes                        = 524288                                    {product} {ergonomic}
   size_t MinHeapSize                              = 104857600                                 {product} {command line}
   size_t NewSize                                  = 34603008                                  {product} {ergonomic}
    uintx NonNMethodCodeHeapSize                   = 7602480                                {pd product} {ergonomic}
    uintx NonProfiledCodeHeapSize                  = 122027880                              {pd product} {ergonomic}
   size_t OldSize                                  = 70254592                                  {product} {ergonomic}
    uintx ProfiledCodeHeapSize                     = 122027880                              {pd product} {ergonomic}
    uintx ReservedCodeCacheSize                    = 251658240                              {pd product} {ergonomic}
     bool SegmentedCodeCache                       = true                                      {product} {ergonomic}
   size_t SoftMaxHeapSize                          = 1073741824                             {manageable} {ergonomic}
     bool UseCompressedOops                        = true                           {product lp64_product} {ergonomic}
     bool UseLargePagesIndividualAllocation        = false                                  {pd product} {ergonomic}
     bool UseParallelGC                            = true                                      {product} {command line}

Logging:
Log output configuration:
 #0: stdout all=off uptime,level,tags foldmultilines=false
 #1: stderr all=off uptime,level,tags foldmultilines=false

Environment Variables:
PATH=C:\Program Files\Common Files\Oracle\Java\javapath;C:\Program Files\Python312\Scripts\;C:\Program Files\Python312\;C:\Windows\system32;C:\Windows;C:\Windows\System32\Wbem;C:\Windows\System32\WindowsPowerShell\v1.0\;C:\Windows\System32\OpenSSH\;C:\Program Files (x86)\NVIDIA Corporation\PhysX\Common;C:\Program Files\NVIDIA Corporation\NVIDIA NvDLISR;C:\Program Files\Git\cmd;C:\Program Files (x86)\Microsoft SQL Server\160\Tools\Binn\;C:\Program Files\Microsoft SQL Server\160\Tools\Binn\;C:\Program Files\Microsoft SQL Server\Client SDK\ODBC\170\Tools\Binn\;C:\Program Files\Microsoft SQL Server\160\DTS\Binn\;C:\Program Files (x86)\Microsoft SQL Server\160\DTS\Binn\;C:\Program Files\nodejs\;C:\ProgramData\chocolatey\bin;C:\Users\shrut\AppData\Local\Microsoft\WindowsApps;C:\Users\shrut\AppData\Local\GitHubDesktop\bin;C:\Users\shrut\AppData\Local\Programs\Microsoft VS Code\bin;C:\Program Files\JetBrains\IntelliJ IDEA 2024.1.4\bin;;C:\Users\shrut\AppData\Roaming\npm
USERNAME=dhruv
OS=Windows_NT
PROCESSOR_IDENTIFIER=Intel64 Family 6 Model 186 Stepping 2, GenuineIntel
TMP=C:\Users\shrut\AppData\Local\Temp
TEMP=C:\Users\shrut\AppData\Local\Temp




Periodic native trim disabled

---------------  S Y S T E M  ---------------

OS:
 Windows 11 , 64 bit Build 22621 (10.0.22621.4391)
OS uptime: 1 days 15:36 hours
Hyper-V role detected

CPU: total 20 (initial active 20) (10 cores per cpu, 2 threads per core) family 6 model 186 stepping 2 microcode 0x410e, cx8, cmov, fxsr, ht, mmx, 3dnowpref, sse, sse2, sse3, ssse3, sse4.1, sse4.2, popcnt, lzcnt, tsc, tscinvbit, avx, avx2, aes, erms, clmul, bmi1, bmi2, adx, sha, fma, vzeroupper, clflush, clflushopt, clwb, hv, serialize, rdtscp, rdpid, fsrm, f16c, cet_ibt, cet_ss
Processor Information for processor 0
  Max Mhz: 2600, Current Mhz: 1496, Mhz Limit: 2600
Processor Information for processor 1
  Max Mhz: 2600, Current Mhz: 1496, Mhz Limit: 2600
Processor Information for processor 2
  Max Mhz: 2600, Current Mhz: 1496, Mhz Limit: 2600
Processor Information for processor 3
  Max Mhz: 2600, Current Mhz: 1496, Mhz Limit: 2600
Processor Information for processor 4
  Max Mhz: 2600, Current Mhz: 1496, Mhz Limit: 2600
Processor Information for processor 5
  Max Mhz: 2600, Current Mhz: 1496, Mhz Limit: 2600
Processor Information for processor 6
  Max Mhz: 2600, Current Mhz: 1496, Mhz Limit: 2600
Processor Information for processor 7
  Max Mhz: 2600, Current Mhz: 1496, Mhz Limit: 2600
Processor Information for processor 8
  Max Mhz: 2600, Current Mhz: 1496, Mhz Limit: 2600
Processor Information for processor 9
  Max Mhz: 2600, Current Mhz: 1496, Mhz Limit: 2600
Processor Information for processor 10
  Max Mhz: 2600, Current Mhz: 1496, Mhz Limit: 2600
Processor Information for processor 11
  Max Mhz: 2600, Current Mhz: 1496, Mhz Limit: 2600
Processor Information for processor 12
  Max Mhz: 2600, Current Mhz: 1505, Mhz Limit: 2600
Processor Information for processor 13
  Max Mhz: 2600, Current Mhz: 1505, Mhz Limit: 2600
Processor Information for processor 14
  Max Mhz: 2600, Current Mhz: 1505, Mhz Limit: 2600
Processor Information for processor 15
  Max Mhz: 2600, Current Mhz: 1505, Mhz Limit: 2600
Processor Information for processor 16
  Max Mhz: 2600, Current Mhz: 1505, Mhz Limit: 2600
Processor Information for processor 17
  Max Mhz: 2600, Current Mhz: 1505, Mhz Limit: 2600
Processor Information for processor 18
  Max Mhz: 2600, Current Mhz: 1505, Mhz Limit: 2600
Processor Information for processor 19
  Max Mhz: 2600, Current Mhz: 1505, Mhz Limit: 2600

Memory: 4k page, system-wide physical 16010M (444M free)
TotalPageFile size 65162M (AvailPageFile size 9M)
current process WorkingSet (physical memory assigned to process): 441M, peak: 444M
current process commit charge ("private bytes"): 442M, peak: 969M

vm_info: OpenJDK 64-Bit Server VM (21.0.5+11-LTS) for windows-amd64 JRE (21.0.5+11-LTS), built on 2024-10-15T00:00:00Z by "admin" with MS VC++ 17.7 (VS2022)

END.
